Log file: c:\Users\fgmz2\OneDrive\Documents\GitHub\Math4AI_Final_Project\starter_pack\scripts\results\logs\run_moons_ablation_20260402_011149.log

===== Moons Width Ablation: h = 2, epochs = 300, lr = 0.15 =====
Epoch 0, Train Loss: 0.6073, Train Acc: 0.7667, Val Loss: 0.5966, Val Acc: 0.7875
Epoch 10, Train Loss: 0.3815, Train Acc: 0.8333, Val Loss: 0.3225, Val Acc: 0.8625
Epoch 20, Train Loss: 0.3265, Train Acc: 0.8708, Val Loss: 0.2570, Val Acc: 0.8875
Epoch 30, Train Loss: 0.3102, Train Acc: 0.8625, Val Loss: 0.2374, Val Acc: 0.8750
Epoch 40, Train Loss: 0.3055, Train Acc: 0.8625, Val Loss: 0.2310, Val Acc: 0.8750
Epoch 50, Train Loss: 0.3038, Train Acc: 0.8625, Val Loss: 0.2285, Val Acc: 0.8750
Epoch 60, Train Loss: 0.3030, Train Acc: 0.8625, Val Loss: 0.2271, Val Acc: 0.8875
Epoch 70, Train Loss: 0.3024, Train Acc: 0.8625, Val Loss: 0.2263, Val Acc: 0.8750
Epoch 80, Train Loss: 0.3021, Train Acc: 0.8667, Val Loss: 0.2255, Val Acc: 0.8875
Epoch 90, Train Loss: 0.3017, Train Acc: 0.8625, Val Loss: 0.2252, Val Acc: 0.8750
Epoch 100, Train Loss: 0.3014, Train Acc: 0.8625, Val Loss: 0.2246, Val Acc: 0.8750
Epoch 110, Train Loss: 0.3011, Train Acc: 0.8625, Val Loss: 0.2243, Val Acc: 0.8750
Epoch 120, Train Loss: 0.3009, Train Acc: 0.8750, Val Loss: 0.2242, Val Acc: 0.8750
Epoch 130, Train Loss: 0.3006, Train Acc: 0.8667, Val Loss: 0.2237, Val Acc: 0.8750
Epoch 140, Train Loss: 0.3004, Train Acc: 0.8625, Val Loss: 0.2233, Val Acc: 0.8875
Epoch 150, Train Loss: 0.3001, Train Acc: 0.8708, Val Loss: 0.2232, Val Acc: 0.8750
Epoch 160, Train Loss: 0.3003, Train Acc: 0.8750, Val Loss: 0.2236, Val Acc: 0.8750
Epoch 170, Train Loss: 0.3004, Train Acc: 0.8667, Val Loss: 0.2227, Val Acc: 0.8875
Epoch 180, Train Loss: 0.2999, Train Acc: 0.8750, Val Loss: 0.2230, Val Acc: 0.8750
Epoch 190, Train Loss: 0.2995, Train Acc: 0.8750, Val Loss: 0.2224, Val Acc: 0.8750
Epoch 200, Train Loss: 0.2995, Train Acc: 0.8625, Val Loss: 0.2218, Val Acc: 0.8875
Epoch 210, Train Loss: 0.2992, Train Acc: 0.8750, Val Loss: 0.2220, Val Acc: 0.8750
Epoch 220, Train Loss: 0.2991, Train Acc: 0.8625, Val Loss: 0.2214, Val Acc: 0.8750
Epoch 230, Train Loss: 0.2991, Train Acc: 0.8625, Val Loss: 0.2215, Val Acc: 0.8875
Epoch 240, Train Loss: 0.2999, Train Acc: 0.8667, Val Loss: 0.2217, Val Acc: 0.8875
Epoch 250, Train Loss: 0.2987, Train Acc: 0.8625, Val Loss: 0.2213, Val Acc: 0.8750
Epoch 260, Train Loss: 0.2990, Train Acc: 0.8750, Val Loss: 0.2219, Val Acc: 0.8750
Epoch 270, Train Loss: 0.2986, Train Acc: 0.8750, Val Loss: 0.2213, Val Acc: 0.8750
Epoch 280, Train Loss: 0.2985, Train Acc: 0.8625, Val Loss: 0.2205, Val Acc: 0.8875
Epoch 290, Train Loss: 0.2982, Train Acc: 0.8750, Val Loss: 0.2207, Val Acc: 0.8750
Train - Loss: 0.2981, Acc: 0.8625
Val   - Loss: 0.2204, Acc: 0.8750
Test  - Loss: 0.2743, Acc: 0.8500

===== Moons Width Ablation: h = 8, epochs = 400, lr = 0.12 =====
Epoch 0, Train Loss: 0.5996, Train Acc: 0.7875, Val Loss: 0.5859, Val Acc: 0.8250
Epoch 10, Train Loss: 0.3831, Train Acc: 0.8292, Val Loss: 0.3227, Val Acc: 0.8625
Epoch 20, Train Loss: 0.3274, Train Acc: 0.8458, Val Loss: 0.2545, Val Acc: 0.8750
Epoch 30, Train Loss: 0.3086, Train Acc: 0.8625, Val Loss: 0.2328, Val Acc: 0.8750
Epoch 40, Train Loss: 0.3021, Train Acc: 0.8625, Val Loss: 0.2250, Val Acc: 0.8750
Epoch 50, Train Loss: 0.2996, Train Acc: 0.8625, Val Loss: 0.2220, Val Acc: 0.8750
Epoch 60, Train Loss: 0.2986, Train Acc: 0.8625, Val Loss: 0.2201, Val Acc: 0.8750
Epoch 70, Train Loss: 0.2980, Train Acc: 0.8625, Val Loss: 0.2193, Val Acc: 0.8750
Epoch 80, Train Loss: 0.2976, Train Acc: 0.8667, Val Loss: 0.2183, Val Acc: 0.8875
Epoch 90, Train Loss: 0.2972, Train Acc: 0.8625, Val Loss: 0.2180, Val Acc: 0.8750
Epoch 100, Train Loss: 0.2968, Train Acc: 0.8667, Val Loss: 0.2171, Val Acc: 0.8875
Epoch 110, Train Loss: 0.2963, Train Acc: 0.8625, Val Loss: 0.2168, Val Acc: 0.8750
Epoch 120, Train Loss: 0.2958, Train Acc: 0.8667, Val Loss: 0.2162, Val Acc: 0.8750
Epoch 130, Train Loss: 0.2952, Train Acc: 0.8667, Val Loss: 0.2153, Val Acc: 0.8750
Epoch 140, Train Loss: 0.2943, Train Acc: 0.8667, Val Loss: 0.2142, Val Acc: 0.8875
Epoch 150, Train Loss: 0.2931, Train Acc: 0.8708, Val Loss: 0.2132, Val Acc: 0.8875
Epoch 160, Train Loss: 0.2915, Train Acc: 0.8792, Val Loss: 0.2120, Val Acc: 0.8750
Epoch 170, Train Loss: 0.2893, Train Acc: 0.8708, Val Loss: 0.2095, Val Acc: 0.8875
Epoch 180, Train Loss: 0.2857, Train Acc: 0.8792, Val Loss: 0.2079, Val Acc: 0.8875
Epoch 190, Train Loss: 0.2810, Train Acc: 0.8792, Val Loss: 0.2043, Val Acc: 0.8875
Epoch 200, Train Loss: 0.2748, Train Acc: 0.8792, Val Loss: 0.2000, Val Acc: 0.9000
Epoch 210, Train Loss: 0.2669, Train Acc: 0.8792, Val Loss: 0.1954, Val Acc: 0.9000
Epoch 220, Train Loss: 0.2575, Train Acc: 0.8833, Val Loss: 0.1889, Val Acc: 0.9000
Epoch 230, Train Loss: 0.2471, Train Acc: 0.8917, Val Loss: 0.1825, Val Acc: 0.9125
Epoch 240, Train Loss: 0.2365, Train Acc: 0.8917, Val Loss: 0.1747, Val Acc: 0.9250
Epoch 250, Train Loss: 0.2247, Train Acc: 0.8917, Val Loss: 0.1679, Val Acc: 0.9250
Epoch 260, Train Loss: 0.2140, Train Acc: 0.8917, Val Loss: 0.1610, Val Acc: 0.9250
Epoch 270, Train Loss: 0.2037, Train Acc: 0.9000, Val Loss: 0.1540, Val Acc: 0.9375
Epoch 280, Train Loss: 0.1940, Train Acc: 0.9000, Val Loss: 0.1468, Val Acc: 0.9500
Epoch 290, Train Loss: 0.1852, Train Acc: 0.9167, Val Loss: 0.1409, Val Acc: 0.9625
Epoch 300, Train Loss: 0.1772, Train Acc: 0.9208, Val Loss: 0.1359, Val Acc: 0.9625
Epoch 310, Train Loss: 0.1704, Train Acc: 0.9250, Val Loss: 0.1321, Val Acc: 0.9750
Epoch 320, Train Loss: 0.1632, Train Acc: 0.9250, Val Loss: 0.1255, Val Acc: 0.9875
Epoch 330, Train Loss: 0.1580, Train Acc: 0.9208, Val Loss: 0.1235, Val Acc: 0.9750
Epoch 340, Train Loss: 0.1519, Train Acc: 0.9250, Val Loss: 0.1185, Val Acc: 0.9875
Epoch 350, Train Loss: 0.1468, Train Acc: 0.9333, Val Loss: 0.1140, Val Acc: 0.9875
Epoch 360, Train Loss: 0.1423, Train Acc: 0.9375, Val Loss: 0.1108, Val Acc: 0.9875
Epoch 370, Train Loss: 0.1382, Train Acc: 0.9375, Val Loss: 0.1081, Val Acc: 0.9875
Epoch 380, Train Loss: 0.1345, Train Acc: 0.9375, Val Loss: 0.1051, Val Acc: 0.9875
Epoch 390, Train Loss: 0.1310, Train Acc: 0.9417, Val Loss: 0.1024, Val Acc: 0.9875
Train - Loss: 0.1282, Acc: 0.9500
Val   - Loss: 0.1002, Acc: 0.9875
Test  - Loss: 0.1210, Acc: 0.9750

===== Moons Width Ablation: h = 32, epochs = 500, lr = 0.1 =====
Epoch 0, Train Loss: 0.6161, Train Acc: 0.7417, Val Loss: 0.6091, Val Acc: 0.7625
Epoch 10, Train Loss: 0.3673, Train Acc: 0.8333, Val Loss: 0.3030, Val Acc: 0.8625
Epoch 20, Train Loss: 0.3210, Train Acc: 0.8583, Val Loss: 0.2469, Val Acc: 0.8750
Epoch 30, Train Loss: 0.3053, Train Acc: 0.8625, Val Loss: 0.2288, Val Acc: 0.8750
Epoch 40, Train Loss: 0.2996, Train Acc: 0.8625, Val Loss: 0.2221, Val Acc: 0.8750
Epoch 50, Train Loss: 0.2975, Train Acc: 0.8625, Val Loss: 0.2195, Val Acc: 0.8750
Epoch 60, Train Loss: 0.2966, Train Acc: 0.8625, Val Loss: 0.2180, Val Acc: 0.8750
Epoch 70, Train Loss: 0.2962, Train Acc: 0.8625, Val Loss: 0.2174, Val Acc: 0.8750
Epoch 80, Train Loss: 0.2960, Train Acc: 0.8625, Val Loss: 0.2168, Val Acc: 0.8875
Epoch 90, Train Loss: 0.2958, Train Acc: 0.8625, Val Loss: 0.2167, Val Acc: 0.8750
Epoch 100, Train Loss: 0.2956, Train Acc: 0.8625, Val Loss: 0.2163, Val Acc: 0.8875
Epoch 110, Train Loss: 0.2955, Train Acc: 0.8625, Val Loss: 0.2162, Val Acc: 0.8750
Epoch 120, Train Loss: 0.2954, Train Acc: 0.8625, Val Loss: 0.2161, Val Acc: 0.8750
Epoch 130, Train Loss: 0.2952, Train Acc: 0.8625, Val Loss: 0.2158, Val Acc: 0.8750
Epoch 140, Train Loss: 0.2951, Train Acc: 0.8667, Val Loss: 0.2156, Val Acc: 0.8875
Epoch 150, Train Loss: 0.2949, Train Acc: 0.8625, Val Loss: 0.2155, Val Acc: 0.8750
Epoch 160, Train Loss: 0.2948, Train Acc: 0.8625, Val Loss: 0.2155, Val Acc: 0.8750
Epoch 170, Train Loss: 0.2947, Train Acc: 0.8667, Val Loss: 0.2149, Val Acc: 0.8875
Epoch 180, Train Loss: 0.2944, Train Acc: 0.8625, Val Loss: 0.2151, Val Acc: 0.8750
Epoch 190, Train Loss: 0.2941, Train Acc: 0.8625, Val Loss: 0.2145, Val Acc: 0.8875
Epoch 200, Train Loss: 0.2938, Train Acc: 0.8667, Val Loss: 0.2140, Val Acc: 0.8875
Epoch 210, Train Loss: 0.2934, Train Acc: 0.8625, Val Loss: 0.2139, Val Acc: 0.8750
Epoch 220, Train Loss: 0.2930, Train Acc: 0.8667, Val Loss: 0.2132, Val Acc: 0.8875
Epoch 230, Train Loss: 0.2925, Train Acc: 0.8625, Val Loss: 0.2129, Val Acc: 0.8875
Epoch 240, Train Loss: 0.2920, Train Acc: 0.8667, Val Loss: 0.2121, Val Acc: 0.8875
Epoch 250, Train Loss: 0.2908, Train Acc: 0.8667, Val Loss: 0.2116, Val Acc: 0.8875
Epoch 260, Train Loss: 0.2896, Train Acc: 0.8750, Val Loss: 0.2108, Val Acc: 0.8750
Epoch 270, Train Loss: 0.2880, Train Acc: 0.8750, Val Loss: 0.2095, Val Acc: 0.8875
Epoch 280, Train Loss: 0.2858, Train Acc: 0.8708, Val Loss: 0.2075, Val Acc: 0.8875
Epoch 290, Train Loss: 0.2831, Train Acc: 0.8792, Val Loss: 0.2056, Val Acc: 0.8875
Epoch 300, Train Loss: 0.2795, Train Acc: 0.8792, Val Loss: 0.2031, Val Acc: 0.8875
Epoch 310, Train Loss: 0.2752, Train Acc: 0.8792, Val Loss: 0.2007, Val Acc: 0.9000
Epoch 320, Train Loss: 0.2689, Train Acc: 0.8792, Val Loss: 0.1957, Val Acc: 0.9000
Epoch 330, Train Loss: 0.2623, Train Acc: 0.8792, Val Loss: 0.1918, Val Acc: 0.9000
Epoch 340, Train Loss: 0.2537, Train Acc: 0.8792, Val Loss: 0.1854, Val Acc: 0.9000
Epoch 350, Train Loss: 0.2444, Train Acc: 0.8875, Val Loss: 0.1785, Val Acc: 0.9000
Epoch 360, Train Loss: 0.2344, Train Acc: 0.8917, Val Loss: 0.1717, Val Acc: 0.9125
Epoch 370, Train Loss: 0.2242, Train Acc: 0.8917, Val Loss: 0.1646, Val Acc: 0.9250
Epoch 380, Train Loss: 0.2140, Train Acc: 0.8917, Val Loss: 0.1571, Val Acc: 0.9250
Epoch 390, Train Loss: 0.2040, Train Acc: 0.8917, Val Loss: 0.1500, Val Acc: 0.9250
Epoch 400, Train Loss: 0.1945, Train Acc: 0.8958, Val Loss: 0.1433, Val Acc: 0.9375
Epoch 410, Train Loss: 0.1855, Train Acc: 0.9000, Val Loss: 0.1368, Val Acc: 0.9500
Epoch 420, Train Loss: 0.1773, Train Acc: 0.9125, Val Loss: 0.1313, Val Acc: 0.9500
Epoch 430, Train Loss: 0.1695, Train Acc: 0.9208, Val Loss: 0.1254, Val Acc: 0.9625
Epoch 440, Train Loss: 0.1625, Train Acc: 0.9250, Val Loss: 0.1203, Val Acc: 0.9750
Epoch 450, Train Loss: 0.1561, Train Acc: 0.9292, Val Loss: 0.1155, Val Acc: 0.9750
Epoch 460, Train Loss: 0.1502, Train Acc: 0.9333, Val Loss: 0.1117, Val Acc: 0.9750
Epoch 470, Train Loss: 0.1449, Train Acc: 0.9333, Val Loss: 0.1076, Val Acc: 0.9750
Epoch 480, Train Loss: 0.1400, Train Acc: 0.9375, Val Loss: 0.1046, Val Acc: 0.9875
Epoch 490, Train Loss: 0.1356, Train Acc: 0.9417, Val Loss: 0.1018, Val Acc: 0.9875
Train - Loss: 0.1319, Acc: 0.9458
Val   - Loss: 0.0986, Acc: 0.9875
Test  - Loss: 0.1204, Acc: 0.9750

===== Generating Decision Boundary Plots =====
Saved: c:\Users\fgmz2\OneDrive\Documents\GitHub\Math4AI_Final_Project\starter_pack\figures\decision_boundary_moons_ablation_h_2.png
Saved: c:\Users\fgmz2\OneDrive\Documents\GitHub\Math4AI_Final_Project\starter_pack\figures\decision_boundary_moons_ablation_h_8.png
Saved: c:\Users\fgmz2\OneDrive\Documents\GitHub\Math4AI_Final_Project\starter_pack\figures\decision_boundary_moons_ablation_h_32.png

===== Generating Comparison Plot =====
Saved: c:\Users\fgmz2\OneDrive\Documents\GitHub\Math4AI_Final_Project\starter_pack\figures\moons_ablation_comparison.png

===== Summary =====
h=2: Test Loss=0.2743, Test Acc=0.8500
h=8: Test Loss=0.1210, Test Acc=0.9750
h=32: Test Loss=0.1204, Test Acc=0.9750

Finished successfully.
Saved log to: c:\Users\fgmz2\OneDrive\Documents\GitHub\Math4AI_Final_Project\starter_pack\scripts\results\logs\run_moons_ablation_20260402_011149.log
