Log file: c:\Users\fgmz2\OneDrive\Documents\GitHub\Math4AI_Final_Project\starter_pack\scripts\results\logs\run_digits_optimizers_20260402_224437.log

===== Optimizer: sgd =====
[sgd] Epoch 0, Train Loss: 2.1388, Train Acc: 0.4032, Val Loss: 2.1400, Val Acc: 0.4028
[sgd] Epoch 10, Train Loss: 0.9294, Train Acc: 0.8818, Val Loss: 0.9297, Val Acc: 0.8563
[sgd] Epoch 20, Train Loss: 0.4925, Train Acc: 0.9376, Val Loss: 0.4969, Val Acc: 0.9239
[sgd] Epoch 30, Train Loss: 0.3338, Train Acc: 0.9488, Val Loss: 0.3410, Val Acc: 0.9521
[sgd] Epoch 40, Train Loss: 0.2580, Train Acc: 0.9572, Val Loss: 0.2675, Val Acc: 0.9521
[sgd] Epoch 50, Train Loss: 0.2141, Train Acc: 0.9655, Val Loss: 0.2260, Val Acc: 0.9549
[sgd] Epoch 60, Train Loss: 0.1853, Train Acc: 0.9739, Val Loss: 0.1999, Val Acc: 0.9606
[sgd] Epoch 70, Train Loss: 0.1645, Train Acc: 0.9758, Val Loss: 0.1826, Val Acc: 0.9606
[sgd] Epoch 80, Train Loss: 0.1488, Train Acc: 0.9749, Val Loss: 0.1698, Val Acc: 0.9606
[sgd] Epoch 90, Train Loss: 0.1366, Train Acc: 0.9795, Val Loss: 0.1605, Val Acc: 0.9606
[sgd] Epoch 100, Train Loss: 0.1264, Train Acc: 0.9832, Val Loss: 0.1530, Val Acc: 0.9662
[sgd] Epoch 110, Train Loss: 0.1180, Train Acc: 0.9851, Val Loss: 0.1478, Val Acc: 0.9662
[sgd] Epoch 120, Train Loss: 0.1107, Train Acc: 0.9851, Val Loss: 0.1430, Val Acc: 0.9662
[sgd] Epoch 130, Train Loss: 0.1044, Train Acc: 0.9870, Val Loss: 0.1391, Val Acc: 0.9662
[sgd] Epoch 140, Train Loss: 0.0989, Train Acc: 0.9879, Val Loss: 0.1364, Val Acc: 0.9718
[sgd] Epoch 150, Train Loss: 0.0941, Train Acc: 0.9879, Val Loss: 0.1333, Val Acc: 0.9690
[sgd] Epoch 160, Train Loss: 0.0898, Train Acc: 0.9879, Val Loss: 0.1312, Val Acc: 0.9690
[sgd] Epoch 170, Train Loss: 0.0859, Train Acc: 0.9879, Val Loss: 0.1291, Val Acc: 0.9690
[sgd] Epoch 180, Train Loss: 0.0822, Train Acc: 0.9879, Val Loss: 0.1276, Val Acc: 0.9662
[sgd] Epoch 190, Train Loss: 0.0790, Train Acc: 0.9888, Val Loss: 0.1265, Val Acc: 0.9662
sgd Best Epoch: 199
Train - Loss: 0.0763, Acc: 0.9888
Val   - Loss: 0.1255, Acc: 0.9690
Test  - Loss: 0.1816, Acc: 0.9511

===== Optimizer: momentum =====
[momentum] Epoch 0, Train Loss: 1.5591, Train Acc: 0.7579, Val Loss: 1.5541, Val Acc: 0.7634
[momentum] Epoch 10, Train Loss: 0.1228, Train Acc: 0.9814, Val Loss: 0.1511, Val Acc: 0.9690
[momentum] Epoch 20, Train Loss: 0.0764, Train Acc: 0.9916, Val Loss: 0.1267, Val Acc: 0.9662
[momentum] Epoch 30, Train Loss: 0.0552, Train Acc: 0.9935, Val Loss: 0.1216, Val Acc: 0.9662
[momentum] Epoch 40, Train Loss: 0.0443, Train Acc: 0.9972, Val Loss: 0.1176, Val Acc: 0.9718
[momentum] Epoch 50, Train Loss: 0.0378, Train Acc: 0.9981, Val Loss: 0.1131, Val Acc: 0.9690
[momentum] Epoch 60, Train Loss: 0.0332, Train Acc: 1.0000, Val Loss: 0.1115, Val Acc: 0.9662
[momentum] Epoch 70, Train Loss: 0.0306, Train Acc: 1.0000, Val Loss: 0.1103, Val Acc: 0.9634
[momentum] Epoch 80, Train Loss: 0.0288, Train Acc: 1.0000, Val Loss: 0.1099, Val Acc: 0.9690
[momentum] Epoch 90, Train Loss: 0.0274, Train Acc: 1.0000, Val Loss: 0.1105, Val Acc: 0.9662
[momentum] Epoch 100, Train Loss: 0.0264, Train Acc: 1.0000, Val Loss: 0.1107, Val Acc: 0.9634
[momentum] Epoch 110, Train Loss: 0.0256, Train Acc: 1.0000, Val Loss: 0.1087, Val Acc: 0.9634
[momentum] Epoch 120, Train Loss: 0.0250, Train Acc: 1.0000, Val Loss: 0.1118, Val Acc: 0.9634
[momentum] Epoch 130, Train Loss: 0.0245, Train Acc: 1.0000, Val Loss: 0.1100, Val Acc: 0.9634
[momentum] Epoch 140, Train Loss: 0.0242, Train Acc: 1.0000, Val Loss: 0.1112, Val Acc: 0.9634
[momentum] Epoch 150, Train Loss: 0.0239, Train Acc: 1.0000, Val Loss: 0.1110, Val Acc: 0.9634
[momentum] Epoch 160, Train Loss: 0.0236, Train Acc: 1.0000, Val Loss: 0.1098, Val Acc: 0.9634
[momentum] Epoch 170, Train Loss: 0.0234, Train Acc: 1.0000, Val Loss: 0.1110, Val Acc: 0.9634
[momentum] Epoch 180, Train Loss: 0.0233, Train Acc: 1.0000, Val Loss: 0.1111, Val Acc: 0.9634
[momentum] Epoch 190, Train Loss: 0.0231, Train Acc: 1.0000, Val Loss: 0.1104, Val Acc: 0.9634
momentum Best Epoch: 63
Train - Loss: 0.0324, Acc: 1.0000
Val   - Loss: 0.1073, Acc: 0.9634
Test  - Loss: 0.1812, Acc: 0.9457

===== Optimizer: adam =====
[adam] Epoch 0, Train Loss: 2.1199, Train Acc: 0.4497, Val Loss: 2.1217, Val Acc: 0.4451
[adam] Epoch 10, Train Loss: 0.7633, Train Acc: 0.9069, Val Loss: 0.7730, Val Acc: 0.8930
[adam] Epoch 20, Train Loss: 0.3509, Train Acc: 0.9534, Val Loss: 0.3642, Val Acc: 0.9408
[adam] Epoch 30, Train Loss: 0.2234, Train Acc: 0.9646, Val Loss: 0.2426, Val Acc: 0.9577
[adam] Epoch 40, Train Loss: 0.1652, Train Acc: 0.9739, Val Loss: 0.1921, Val Acc: 0.9577
[adam] Epoch 50, Train Loss: 0.1312, Train Acc: 0.9823, Val Loss: 0.1647, Val Acc: 0.9634
[adam] Epoch 60, Train Loss: 0.1088, Train Acc: 0.9888, Val Loss: 0.1481, Val Acc: 0.9662
[adam] Epoch 70, Train Loss: 0.0928, Train Acc: 0.9898, Val Loss: 0.1365, Val Acc: 0.9690
[adam] Epoch 80, Train Loss: 0.0807, Train Acc: 0.9898, Val Loss: 0.1299, Val Acc: 0.9690
[adam] Epoch 90, Train Loss: 0.0712, Train Acc: 0.9926, Val Loss: 0.1242, Val Acc: 0.9662
[adam] Epoch 100, Train Loss: 0.0636, Train Acc: 0.9944, Val Loss: 0.1192, Val Acc: 0.9662
[adam] Epoch 110, Train Loss: 0.0573, Train Acc: 0.9953, Val Loss: 0.1141, Val Acc: 0.9634
[adam] Epoch 120, Train Loss: 0.0518, Train Acc: 0.9944, Val Loss: 0.1135, Val Acc: 0.9690
[adam] Epoch 130, Train Loss: 0.0471, Train Acc: 0.9953, Val Loss: 0.1104, Val Acc: 0.9690
[adam] Epoch 140, Train Loss: 0.0432, Train Acc: 0.9963, Val Loss: 0.1075, Val Acc: 0.9690
[adam] Epoch 150, Train Loss: 0.0397, Train Acc: 0.9972, Val Loss: 0.1059, Val Acc: 0.9690
[adam] Epoch 160, Train Loss: 0.0369, Train Acc: 0.9972, Val Loss: 0.1032, Val Acc: 0.9690
[adam] Epoch 170, Train Loss: 0.0346, Train Acc: 0.9991, Val Loss: 0.1030, Val Acc: 0.9690
[adam] Epoch 180, Train Loss: 0.0326, Train Acc: 1.0000, Val Loss: 0.1021, Val Acc: 0.9690
[adam] Epoch 190, Train Loss: 0.0309, Train Acc: 1.0000, Val Loss: 0.1000, Val Acc: 0.9690
adam Best Epoch: 198
Train - Loss: 0.0298, Acc: 1.0000
Val   - Loss: 0.0991, Acc: 0.9662
Test  - Loss: 0.1759, Acc: 0.9484

===== Summary =====
sgd: Val Loss=0.1255, Val Acc=0.9690, Test Loss=0.1816, Test Acc=0.9511
momentum: Val Loss=0.1073, Val Acc=0.9634, Test Loss=0.1812, Test Acc=0.9457
adam: Val Loss=0.0991, Val Acc=0.9662, Test Loss=0.1759, Test Acc=0.9484

Finished successfully.
