Log file: C:\Users\fgmz2\OneDrive\Documents\GitHub\Math4AI_Final_Project\starter_pack\scripts\results\logs\run_digits_optimizers_20260401_235435.log

===== Optimizer: sgd =====
[sgd] Epoch 0, Train Loss: 2.1388, Train Acc: 0.4032, Val Loss: 2.1400, Val Acc: 0.4028
[sgd] Epoch 10, Train Loss: 0.9294, Train Acc: 0.8818, Val Loss: 0.9297, Val Acc: 0.8563
[sgd] Epoch 20, Train Loss: 0.4925, Train Acc: 0.9376, Val Loss: 0.4969, Val Acc: 0.9239
[sgd] Epoch 30, Train Loss: 0.3338, Train Acc: 0.9488, Val Loss: 0.3410, Val Acc: 0.9521
[sgd] Epoch 40, Train Loss: 0.2580, Train Acc: 0.9572, Val Loss: 0.2675, Val Acc: 0.9521
[sgd] Epoch 50, Train Loss: 0.2141, Train Acc: 0.9655, Val Loss: 0.2260, Val Acc: 0.9549
[sgd] Epoch 60, Train Loss: 0.1853, Train Acc: 0.9739, Val Loss: 0.1999, Val Acc: 0.9606
[sgd] Epoch 70, Train Loss: 0.1645, Train Acc: 0.9758, Val Loss: 0.1826, Val Acc: 0.9606
[sgd] Epoch 80, Train Loss: 0.1488, Train Acc: 0.9749, Val Loss: 0.1698, Val Acc: 0.9606
[sgd] Epoch 90, Train Loss: 0.1366, Train Acc: 0.9795, Val Loss: 0.1605, Val Acc: 0.9606
[sgd] Epoch 100, Train Loss: 0.1264, Train Acc: 0.9832, Val Loss: 0.1530, Val Acc: 0.9662
[sgd] Epoch 110, Train Loss: 0.1180, Train Acc: 0.9851, Val Loss: 0.1478, Val Acc: 0.9662
[sgd] Epoch 120, Train Loss: 0.1107, Train Acc: 0.9851, Val Loss: 0.1430, Val Acc: 0.9662
[sgd] Epoch 130, Train Loss: 0.1044, Train Acc: 0.9870, Val Loss: 0.1391, Val Acc: 0.9662
[sgd] Epoch 140, Train Loss: 0.0989, Train Acc: 0.9879, Val Loss: 0.1364, Val Acc: 0.9718
[sgd] Epoch 150, Train Loss: 0.0941, Train Acc: 0.9879, Val Loss: 0.1333, Val Acc: 0.9690
[sgd] Epoch 160, Train Loss: 0.0898, Train Acc: 0.9879, Val Loss: 0.1312, Val Acc: 0.9690
[sgd] Epoch 170, Train Loss: 0.0859, Train Acc: 0.9879, Val Loss: 0.1291, Val Acc: 0.9690
[sgd] Epoch 180, Train Loss: 0.0822, Train Acc: 0.9879, Val Loss: 0.1276, Val Acc: 0.9662
[sgd] Epoch 190, Train Loss: 0.0790, Train Acc: 0.9888, Val Loss: 0.1265, Val Acc: 0.9662
sgd Best Epoch: 199
Train - Loss: 0.0763, Acc: 0.9888
Val   - Loss: 0.1255, Acc: 0.9690
Test  - Loss: 0.1816, Acc: 0.9511

===== Optimizer: momentum =====
[momentum] Epoch 0, Train Loss: 1.5591, Train Acc: 0.7579, Val Loss: 1.5541, Val Acc: 0.7634
[momentum] Epoch 10, Train Loss: 0.1228, Train Acc: 0.9814, Val Loss: 0.1511, Val Acc: 0.9690
[momentum] Epoch 20, Train Loss: 0.0764, Train Acc: 0.9916, Val Loss: 0.1267, Val Acc: 0.9662
[momentum] Epoch 30, Train Loss: 0.0552, Train Acc: 0.9935, Val Loss: 0.1216, Val Acc: 0.9662
[momentum] Epoch 40, Train Loss: 0.0443, Train Acc: 0.9972, Val Loss: 0.1176, Val Acc: 0.9718
[momentum] Epoch 50, Train Loss: 0.0378, Train Acc: 0.9981, Val Loss: 0.1131, Val Acc: 0.9690
[momentum] Epoch 60, Train Loss: 0.0332, Train Acc: 1.0000, Val Loss: 0.1115, Val Acc: 0.9662
[momentum] Epoch 70, Train Loss: 0.0306, Train Acc: 1.0000, Val Loss: 0.1103, Val Acc: 0.9634
[momentum] Epoch 80, Train Loss: 0.0288, Train Acc: 1.0000, Val Loss: 0.1099, Val Acc: 0.9690
[momentum] Epoch 90, Train Loss: 0.0274, Train Acc: 1.0000, Val Loss: 0.1105, Val Acc: 0.9662
[momentum] Epoch 100, Train Loss: 0.0264, Train Acc: 1.0000, Val Loss: 0.1107, Val Acc: 0.9634
[momentum] Epoch 110, Train Loss: 0.0256, Train Acc: 1.0000, Val Loss: 0.1087, Val Acc: 0.9634
[momentum] Epoch 120, Train Loss: 0.0250, Train Acc: 1.0000, Val Loss: 0.1118, Val Acc: 0.9634
[momentum] Epoch 130, Train Loss: 0.0245, Train Acc: 1.0000, Val Loss: 0.1100, Val Acc: 0.9634
[momentum] Epoch 140, Train Loss: 0.0242, Train Acc: 1.0000, Val Loss: 0.1112, Val Acc: 0.9634
[momentum] Epoch 150, Train Loss: 0.0239, Train Acc: 1.0000, Val Loss: 0.1110, Val Acc: 0.9634
[momentum] Epoch 160, Train Loss: 0.0236, Train Acc: 1.0000, Val Loss: 0.1098, Val Acc: 0.9634
[momentum] Epoch 170, Train Loss: 0.0234, Train Acc: 1.0000, Val Loss: 0.1110, Val Acc: 0.9634
[momentum] Epoch 180, Train Loss: 0.0233, Train Acc: 1.0000, Val Loss: 0.1111, Val Acc: 0.9634
[momentum] Epoch 190, Train Loss: 0.0231, Train Acc: 1.0000, Val Loss: 0.1104, Val Acc: 0.9634
momentum Best Epoch: 63
Train - Loss: 0.0324, Acc: 1.0000
Val   - Loss: 0.1073, Acc: 0.9634
Test  - Loss: 0.1812, Acc: 0.9457

===== Optimizer: adam =====
[adam] Epoch 0, Train Loss: 0.2901, Train Acc: 0.9227, Val Loss: 0.2965, Val Acc: 0.9183
[adam] Epoch 10, Train Loss: 0.0347, Train Acc: 1.0000, Val Loss: 0.1049, Val Acc: 0.9718
[adam] Epoch 20, Train Loss: 0.0285, Train Acc: 1.0000, Val Loss: 0.1162, Val Acc: 0.9606
[adam] Epoch 30, Train Loss: 0.2175, Train Acc: 0.9451, Val Loss: 0.3342, Val Acc: 0.9239
[adam] Epoch 40, Train Loss: 0.0916, Train Acc: 0.9870, Val Loss: 0.2132, Val Acc: 0.9493
[adam] Epoch 50, Train Loss: 0.0395, Train Acc: 1.0000, Val Loss: 0.1008, Val Acc: 0.9775
[adam] Epoch 60, Train Loss: 0.0292, Train Acc: 1.0000, Val Loss: 0.0956, Val Acc: 0.9746
[adam] Epoch 70, Train Loss: 0.0249, Train Acc: 1.0000, Val Loss: 0.0948, Val Acc: 0.9718
[adam] Epoch 80, Train Loss: 0.5080, Train Acc: 0.8482, Val Loss: 0.6302, Val Acc: 0.8310
[adam] Epoch 90, Train Loss: 0.0835, Train Acc: 0.9981, Val Loss: 0.2014, Val Acc: 0.9718
[adam] Epoch 100, Train Loss: 0.0479, Train Acc: 1.0000, Val Loss: 0.1320, Val Acc: 0.9803
[adam] Epoch 110, Train Loss: 0.0345, Train Acc: 1.0000, Val Loss: 0.1188, Val Acc: 0.9803
[adam] Epoch 120, Train Loss: 0.0281, Train Acc: 1.0000, Val Loss: 0.1024, Val Acc: 0.9775
[adam] Epoch 130, Train Loss: 0.4027, Train Acc: 0.9060, Val Loss: 0.4850, Val Acc: 0.9042
[adam] Epoch 140, Train Loss: 0.0807, Train Acc: 1.0000, Val Loss: 0.1640, Val Acc: 0.9718
[adam] Epoch 150, Train Loss: 0.0530, Train Acc: 1.0000, Val Loss: 0.1438, Val Acc: 0.9775
[adam] Epoch 160, Train Loss: 0.0390, Train Acc: 1.0000, Val Loss: 0.1222, Val Acc: 0.9746
[adam] Epoch 170, Train Loss: 0.0313, Train Acc: 1.0000, Val Loss: 0.1094, Val Acc: 0.9746
[adam] Epoch 180, Train Loss: 0.0273, Train Acc: 1.0000, Val Loss: 0.1085, Val Acc: 0.9690
[adam] Epoch 190, Train Loss: 0.0259, Train Acc: 1.0000, Val Loss: 0.1290, Val Acc: 0.9662
adam Best Epoch: 67
Train - Loss: 0.0260, Acc: 1.0000
Val   - Loss: 0.0840, Acc: 0.9803
Test  - Loss: 0.1696, Acc: 0.9620

===== Summary =====
sgd: Val Loss=0.1255, Val Acc=0.9690, Test Loss=0.1816, Test Acc=0.9511
momentum: Val Loss=0.1073, Val Acc=0.9634, Test Loss=0.1812, Test Acc=0.9457
adam: Val Loss=0.0840, Val Acc=0.9803, Test Loss=0.1696, Test Acc=0.9620

Finished successfully.
Saved log to: C:\Users\fgmz2\OneDrive\Documents\GitHub\Math4AI_Final_Project\starter_pack\scripts\results\logs\run_digits_optimizers_20260401_235435.log
