Log file: c:\Users\fgmz2\OneDrive\Documents\GitHub\Math4AI_Final_Project\starter_pack\scripts\results\logs\run_moons_ablation_20260402_215247.log

===== Moons Width Ablation: h = 2 =====
Epoch 0, Train Loss: 0.6214, Train Acc: 0.7542, Val Loss: 0.6128, Val Acc: 0.7750
Epoch 10, Train Loss: 0.4280, Train Acc: 0.8125, Val Loss: 0.3807, Val Acc: 0.8625
Epoch 20, Train Loss: 0.3572, Train Acc: 0.8375, Val Loss: 0.2929, Val Acc: 0.8625
Epoch 30, Train Loss: 0.3272, Train Acc: 0.8708, Val Loss: 0.2578, Val Acc: 0.8875
Epoch 40, Train Loss: 0.3140, Train Acc: 0.8625, Val Loss: 0.2423, Val Acc: 0.8750
Epoch 50, Train Loss: 0.3082, Train Acc: 0.8625, Val Loss: 0.2352, Val Acc: 0.8750
Epoch 60, Train Loss: 0.3056, Train Acc: 0.8625, Val Loss: 0.2313, Val Acc: 0.8750
Epoch 70, Train Loss: 0.3042, Train Acc: 0.8625, Val Loss: 0.2293, Val Acc: 0.8750
Epoch 80, Train Loss: 0.3035, Train Acc: 0.8625, Val Loss: 0.2279, Val Acc: 0.8750
Epoch 90, Train Loss: 0.3030, Train Acc: 0.8625, Val Loss: 0.2272, Val Acc: 0.8750
Epoch 100, Train Loss: 0.3026, Train Acc: 0.8625, Val Loss: 0.2264, Val Acc: 0.8875
Epoch 110, Train Loss: 0.3022, Train Acc: 0.8625, Val Loss: 0.2260, Val Acc: 0.8750
Epoch 120, Train Loss: 0.3020, Train Acc: 0.8625, Val Loss: 0.2257, Val Acc: 0.8750
Epoch 130, Train Loss: 0.3017, Train Acc: 0.8625, Val Loss: 0.2252, Val Acc: 0.8750
Epoch 140, Train Loss: 0.3015, Train Acc: 0.8625, Val Loss: 0.2249, Val Acc: 0.8875
Epoch 150, Train Loss: 0.3013, Train Acc: 0.8625, Val Loss: 0.2247, Val Acc: 0.8750
Epoch 160, Train Loss: 0.3011, Train Acc: 0.8625, Val Loss: 0.2246, Val Acc: 0.8750
Epoch 170, Train Loss: 0.3011, Train Acc: 0.8667, Val Loss: 0.2241, Val Acc: 0.8875
Epoch 180, Train Loss: 0.3008, Train Acc: 0.8750, Val Loss: 0.2241, Val Acc: 0.8750
Epoch 190, Train Loss: 0.3006, Train Acc: 0.8625, Val Loss: 0.2237, Val Acc: 0.8750
Epoch 200, Train Loss: 0.3004, Train Acc: 0.8625, Val Loss: 0.2233, Val Acc: 0.8750
Epoch 210, Train Loss: 0.3003, Train Acc: 0.8625, Val Loss: 0.2234, Val Acc: 0.8750
Epoch 220, Train Loss: 0.3002, Train Acc: 0.8625, Val Loss: 0.2229, Val Acc: 0.8875
Epoch 230, Train Loss: 0.3001, Train Acc: 0.8625, Val Loss: 0.2230, Val Acc: 0.8875
Epoch 240, Train Loss: 0.3003, Train Acc: 0.8667, Val Loss: 0.2228, Val Acc: 0.8875
Epoch 250, Train Loss: 0.2998, Train Acc: 0.8625, Val Loss: 0.2228, Val Acc: 0.8750
Epoch 260, Train Loss: 0.2998, Train Acc: 0.8750, Val Loss: 0.2228, Val Acc: 0.8750
Epoch 270, Train Loss: 0.2996, Train Acc: 0.8750, Val Loss: 0.2226, Val Acc: 0.8750
Epoch 280, Train Loss: 0.2994, Train Acc: 0.8625, Val Loss: 0.2221, Val Acc: 0.8750
Epoch 290, Train Loss: 0.2993, Train Acc: 0.8708, Val Loss: 0.2221, Val Acc: 0.8750
Epoch 300, Train Loss: 0.2993, Train Acc: 0.8750, Val Loss: 0.2221, Val Acc: 0.8750
Epoch 310, Train Loss: 0.2997, Train Acc: 0.8750, Val Loss: 0.2228, Val Acc: 0.8750
Epoch 320, Train Loss: 0.2990, Train Acc: 0.8625, Val Loss: 0.2217, Val Acc: 0.8750
Epoch 330, Train Loss: 0.2999, Train Acc: 0.8792, Val Loss: 0.2231, Val Acc: 0.8750
Epoch 340, Train Loss: 0.2991, Train Acc: 0.8750, Val Loss: 0.2220, Val Acc: 0.8750
Epoch 350, Train Loss: 0.2988, Train Acc: 0.8625, Val Loss: 0.2213, Val Acc: 0.8750
Epoch 360, Train Loss: 0.2987, Train Acc: 0.8750, Val Loss: 0.2214, Val Acc: 0.8750
Epoch 370, Train Loss: 0.2986, Train Acc: 0.8708, Val Loss: 0.2212, Val Acc: 0.8750
Epoch 380, Train Loss: 0.2986, Train Acc: 0.8625, Val Loss: 0.2210, Val Acc: 0.8750
Epoch 390, Train Loss: 0.2985, Train Acc: 0.8708, Val Loss: 0.2209, Val Acc: 0.8750
Epoch 400, Train Loss: 0.2984, Train Acc: 0.8625, Val Loss: 0.2208, Val Acc: 0.8750
Epoch 410, Train Loss: 0.2984, Train Acc: 0.8625, Val Loss: 0.2208, Val Acc: 0.8750
Epoch 420, Train Loss: 0.2985, Train Acc: 0.8750, Val Loss: 0.2211, Val Acc: 0.8750
Epoch 430, Train Loss: 0.2982, Train Acc: 0.8625, Val Loss: 0.2204, Val Acc: 0.8750
Epoch 440, Train Loss: 0.2981, Train Acc: 0.8625, Val Loss: 0.2203, Val Acc: 0.8750
Epoch 450, Train Loss: 0.2981, Train Acc: 0.8625, Val Loss: 0.2202, Val Acc: 0.8750
Epoch 460, Train Loss: 0.2980, Train Acc: 0.8625, Val Loss: 0.2202, Val Acc: 0.8750
Epoch 470, Train Loss: 0.2981, Train Acc: 0.8625, Val Loss: 0.2199, Val Acc: 0.8875
Epoch 480, Train Loss: 0.2979, Train Acc: 0.8625, Val Loss: 0.2201, Val Acc: 0.8750
Epoch 490, Train Loss: 0.2979, Train Acc: 0.8750, Val Loss: 0.2203, Val Acc: 0.8750
Train - Loss: 0.2978, Acc: 0.8625
Val   - Loss: 0.2197, Acc: 0.8750
Test  - Loss: 0.2740, Acc: 0.8500

===== Moons Width Ablation: h = 8 =====
Epoch 0, Train Loss: 0.6067, Train Acc: 0.7917, Val Loss: 0.5939, Val Acc: 0.8250
Epoch 10, Train Loss: 0.4028, Train Acc: 0.8167, Val Loss: 0.3479, Val Acc: 0.8625
Epoch 20, Train Loss: 0.3403, Train Acc: 0.8417, Val Loss: 0.2695, Val Acc: 0.8625
Epoch 30, Train Loss: 0.3158, Train Acc: 0.8708, Val Loss: 0.2412, Val Acc: 0.8875
Epoch 40, Train Loss: 0.3058, Train Acc: 0.8625, Val Loss: 0.2296, Val Acc: 0.8750
Epoch 50, Train Loss: 0.3016, Train Acc: 0.8625, Val Loss: 0.2247, Val Acc: 0.8750
Epoch 60, Train Loss: 0.2997, Train Acc: 0.8625, Val Loss: 0.2219, Val Acc: 0.8750
Epoch 70, Train Loss: 0.2987, Train Acc: 0.8625, Val Loss: 0.2205, Val Acc: 0.8750
Epoch 80, Train Loss: 0.2982, Train Acc: 0.8625, Val Loss: 0.2194, Val Acc: 0.8750
Epoch 90, Train Loss: 0.2978, Train Acc: 0.8625, Val Loss: 0.2189, Val Acc: 0.8750
Epoch 100, Train Loss: 0.2974, Train Acc: 0.8625, Val Loss: 0.2181, Val Acc: 0.8875
Epoch 110, Train Loss: 0.2971, Train Acc: 0.8625, Val Loss: 0.2178, Val Acc: 0.8750
Epoch 120, Train Loss: 0.2968, Train Acc: 0.8625, Val Loss: 0.2174, Val Acc: 0.8750
Epoch 130, Train Loss: 0.2964, Train Acc: 0.8625, Val Loss: 0.2168, Val Acc: 0.8750
Epoch 140, Train Loss: 0.2960, Train Acc: 0.8667, Val Loss: 0.2161, Val Acc: 0.8875
Epoch 150, Train Loss: 0.2955, Train Acc: 0.8667, Val Loss: 0.2157, Val Acc: 0.8875
Epoch 160, Train Loss: 0.2949, Train Acc: 0.8667, Val Loss: 0.2152, Val Acc: 0.8750
Epoch 170, Train Loss: 0.2943, Train Acc: 0.8667, Val Loss: 0.2138, Val Acc: 0.8875
Epoch 180, Train Loss: 0.2931, Train Acc: 0.8750, Val Loss: 0.2135, Val Acc: 0.8750
Epoch 190, Train Loss: 0.2917, Train Acc: 0.8708, Val Loss: 0.2120, Val Acc: 0.8875
Epoch 200, Train Loss: 0.2899, Train Acc: 0.8708, Val Loss: 0.2103, Val Acc: 0.8875
Epoch 210, Train Loss: 0.2875, Train Acc: 0.8792, Val Loss: 0.2089, Val Acc: 0.8875
Epoch 220, Train Loss: 0.2843, Train Acc: 0.8792, Val Loss: 0.2062, Val Acc: 0.8875
Epoch 230, Train Loss: 0.2800, Train Acc: 0.8792, Val Loss: 0.2037, Val Acc: 0.9000
Epoch 240, Train Loss: 0.2749, Train Acc: 0.8792, Val Loss: 0.1998, Val Acc: 0.8875
Epoch 250, Train Loss: 0.2681, Train Acc: 0.8792, Val Loss: 0.1961, Val Acc: 0.9000
Epoch 260, Train Loss: 0.2606, Train Acc: 0.8792, Val Loss: 0.1915, Val Acc: 0.9000
Epoch 270, Train Loss: 0.2521, Train Acc: 0.8833, Val Loss: 0.1859, Val Acc: 0.9000
Epoch 280, Train Loss: 0.2432, Train Acc: 0.8917, Val Loss: 0.1797, Val Acc: 0.9125
Epoch 290, Train Loss: 0.2339, Train Acc: 0.8917, Val Loss: 0.1738, Val Acc: 0.9250
Epoch 300, Train Loss: 0.2247, Train Acc: 0.8917, Val Loss: 0.1680, Val Acc: 0.9250
Epoch 310, Train Loss: 0.2159, Train Acc: 0.8958, Val Loss: 0.1631, Val Acc: 0.9250
Epoch 320, Train Loss: 0.2068, Train Acc: 0.8917, Val Loss: 0.1559, Val Acc: 0.9250
Epoch 330, Train Loss: 0.1990, Train Acc: 0.9125, Val Loss: 0.1517, Val Acc: 0.9500
Epoch 340, Train Loss: 0.1909, Train Acc: 0.9167, Val Loss: 0.1455, Val Acc: 0.9500
Epoch 350, Train Loss: 0.1836, Train Acc: 0.9125, Val Loss: 0.1399, Val Acc: 0.9500
Epoch 360, Train Loss: 0.1770, Train Acc: 0.9208, Val Loss: 0.1352, Val Acc: 0.9625
Epoch 370, Train Loss: 0.1708, Train Acc: 0.9250, Val Loss: 0.1311, Val Acc: 0.9750
Epoch 380, Train Loss: 0.1652, Train Acc: 0.9250, Val Loss: 0.1267, Val Acc: 0.9875
Epoch 390, Train Loss: 0.1600, Train Acc: 0.9250, Val Loss: 0.1229, Val Acc: 0.9875
Epoch 400, Train Loss: 0.1552, Train Acc: 0.9250, Val Loss: 0.1198, Val Acc: 0.9875
Epoch 410, Train Loss: 0.1508, Train Acc: 0.9292, Val Loss: 0.1166, Val Acc: 0.9875
Epoch 420, Train Loss: 0.1468, Train Acc: 0.9292, Val Loss: 0.1140, Val Acc: 0.9875
Epoch 430, Train Loss: 0.1430, Train Acc: 0.9375, Val Loss: 0.1107, Val Acc: 0.9875
Epoch 440, Train Loss: 0.1395, Train Acc: 0.9417, Val Loss: 0.1080, Val Acc: 0.9875
Epoch 450, Train Loss: 0.1363, Train Acc: 0.9458, Val Loss: 0.1055, Val Acc: 0.9875
Epoch 460, Train Loss: 0.1332, Train Acc: 0.9417, Val Loss: 0.1040, Val Acc: 0.9875
Epoch 470, Train Loss: 0.1305, Train Acc: 0.9583, Val Loss: 0.1015, Val Acc: 0.9875
Epoch 480, Train Loss: 0.1278, Train Acc: 0.9417, Val Loss: 0.1005, Val Acc: 0.9875
Epoch 490, Train Loss: 0.1254, Train Acc: 0.9500, Val Loss: 0.0992, Val Acc: 0.9875
Train - Loss: 0.1233, Acc: 0.9542
Val   - Loss: 0.0968, Acc: 0.9875
Test  - Loss: 0.1173, Acc: 0.9750

===== Moons Width Ablation: h = 32 =====
Epoch 0, Train Loss: 0.6161, Train Acc: 0.7417, Val Loss: 0.6091, Val Acc: 0.7625
Epoch 10, Train Loss: 0.3673, Train Acc: 0.8333, Val Loss: 0.3030, Val Acc: 0.8625
Epoch 20, Train Loss: 0.3210, Train Acc: 0.8583, Val Loss: 0.2469, Val Acc: 0.8750
Epoch 30, Train Loss: 0.3053, Train Acc: 0.8625, Val Loss: 0.2288, Val Acc: 0.8750
Epoch 40, Train Loss: 0.2996, Train Acc: 0.8625, Val Loss: 0.2221, Val Acc: 0.8750
Epoch 50, Train Loss: 0.2975, Train Acc: 0.8625, Val Loss: 0.2195, Val Acc: 0.8750
Epoch 60, Train Loss: 0.2966, Train Acc: 0.8625, Val Loss: 0.2180, Val Acc: 0.8750
Epoch 70, Train Loss: 0.2962, Train Acc: 0.8625, Val Loss: 0.2174, Val Acc: 0.8750
Epoch 80, Train Loss: 0.2960, Train Acc: 0.8625, Val Loss: 0.2168, Val Acc: 0.8875
Epoch 90, Train Loss: 0.2958, Train Acc: 0.8625, Val Loss: 0.2167, Val Acc: 0.8750
Epoch 100, Train Loss: 0.2956, Train Acc: 0.8625, Val Loss: 0.2163, Val Acc: 0.8875
Epoch 110, Train Loss: 0.2955, Train Acc: 0.8625, Val Loss: 0.2162, Val Acc: 0.8750
Epoch 120, Train Loss: 0.2954, Train Acc: 0.8625, Val Loss: 0.2161, Val Acc: 0.8750
Epoch 130, Train Loss: 0.2952, Train Acc: 0.8625, Val Loss: 0.2158, Val Acc: 0.8750
Epoch 140, Train Loss: 0.2951, Train Acc: 0.8667, Val Loss: 0.2156, Val Acc: 0.8875
Epoch 150, Train Loss: 0.2949, Train Acc: 0.8625, Val Loss: 0.2155, Val Acc: 0.8750
Epoch 160, Train Loss: 0.2948, Train Acc: 0.8625, Val Loss: 0.2155, Val Acc: 0.8750
Epoch 170, Train Loss: 0.2947, Train Acc: 0.8667, Val Loss: 0.2149, Val Acc: 0.8875
Epoch 180, Train Loss: 0.2944, Train Acc: 0.8625, Val Loss: 0.2151, Val Acc: 0.8750
Epoch 190, Train Loss: 0.2941, Train Acc: 0.8625, Val Loss: 0.2145, Val Acc: 0.8875
Epoch 200, Train Loss: 0.2938, Train Acc: 0.8667, Val Loss: 0.2140, Val Acc: 0.8875
Epoch 210, Train Loss: 0.2934, Train Acc: 0.8625, Val Loss: 0.2139, Val Acc: 0.8750
Epoch 220, Train Loss: 0.2930, Train Acc: 0.8667, Val Loss: 0.2132, Val Acc: 0.8875
Epoch 230, Train Loss: 0.2925, Train Acc: 0.8625, Val Loss: 0.2129, Val Acc: 0.8875
Epoch 240, Train Loss: 0.2920, Train Acc: 0.8667, Val Loss: 0.2121, Val Acc: 0.8875
Epoch 250, Train Loss: 0.2908, Train Acc: 0.8667, Val Loss: 0.2116, Val Acc: 0.8875
Epoch 260, Train Loss: 0.2896, Train Acc: 0.8750, Val Loss: 0.2108, Val Acc: 0.8750
Epoch 270, Train Loss: 0.2880, Train Acc: 0.8750, Val Loss: 0.2095, Val Acc: 0.8875
Epoch 280, Train Loss: 0.2858, Train Acc: 0.8708, Val Loss: 0.2075, Val Acc: 0.8875
Epoch 290, Train Loss: 0.2831, Train Acc: 0.8792, Val Loss: 0.2056, Val Acc: 0.8875
Epoch 300, Train Loss: 0.2795, Train Acc: 0.8792, Val Loss: 0.2031, Val Acc: 0.8875
Epoch 310, Train Loss: 0.2752, Train Acc: 0.8792, Val Loss: 0.2007, Val Acc: 0.9000
Epoch 320, Train Loss: 0.2689, Train Acc: 0.8792, Val Loss: 0.1957, Val Acc: 0.9000
Epoch 330, Train Loss: 0.2623, Train Acc: 0.8792, Val Loss: 0.1918, Val Acc: 0.9000
Epoch 340, Train Loss: 0.2537, Train Acc: 0.8792, Val Loss: 0.1854, Val Acc: 0.9000
Epoch 350, Train Loss: 0.2444, Train Acc: 0.8875, Val Loss: 0.1785, Val Acc: 0.9000
Epoch 360, Train Loss: 0.2344, Train Acc: 0.8917, Val Loss: 0.1717, Val Acc: 0.9125
Epoch 370, Train Loss: 0.2242, Train Acc: 0.8917, Val Loss: 0.1646, Val Acc: 0.9250
Epoch 380, Train Loss: 0.2140, Train Acc: 0.8917, Val Loss: 0.1571, Val Acc: 0.9250
Epoch 390, Train Loss: 0.2040, Train Acc: 0.8917, Val Loss: 0.1500, Val Acc: 0.9250
Epoch 400, Train Loss: 0.1945, Train Acc: 0.8958, Val Loss: 0.1433, Val Acc: 0.9375
Epoch 410, Train Loss: 0.1855, Train Acc: 0.9000, Val Loss: 0.1368, Val Acc: 0.9500
Epoch 420, Train Loss: 0.1773, Train Acc: 0.9125, Val Loss: 0.1313, Val Acc: 0.9500
Epoch 430, Train Loss: 0.1695, Train Acc: 0.9208, Val Loss: 0.1254, Val Acc: 0.9625
Epoch 440, Train Loss: 0.1625, Train Acc: 0.9250, Val Loss: 0.1203, Val Acc: 0.9750
Epoch 450, Train Loss: 0.1561, Train Acc: 0.9292, Val Loss: 0.1155, Val Acc: 0.9750
Epoch 460, Train Loss: 0.1502, Train Acc: 0.9333, Val Loss: 0.1117, Val Acc: 0.9750
Epoch 470, Train Loss: 0.1449, Train Acc: 0.9333, Val Loss: 0.1076, Val Acc: 0.9750
Epoch 480, Train Loss: 0.1400, Train Acc: 0.9375, Val Loss: 0.1046, Val Acc: 0.9875
Epoch 490, Train Loss: 0.1356, Train Acc: 0.9417, Val Loss: 0.1018, Val Acc: 0.9875
Train - Loss: 0.1319, Acc: 0.9458
Val   - Loss: 0.0986, Acc: 0.9875
Test  - Loss: 0.1204, Acc: 0.9750

===== Generating Decision Boundary Plots =====
Saved: c:\Users\fgmz2\OneDrive\Documents\GitHub\Math4AI_Final_Project\starter_pack\figures\decision_boundary_moons_ablation_h_2.png
Saved: c:\Users\fgmz2\OneDrive\Documents\GitHub\Math4AI_Final_Project\starter_pack\figures\decision_boundary_moons_ablation_h_8.png
Saved: c:\Users\fgmz2\OneDrive\Documents\GitHub\Math4AI_Final_Project\starter_pack\figures\decision_boundary_moons_ablation_h_32.png

===== Generating Comparison Plot =====
Saved: c:\Users\fgmz2\OneDrive\Documents\GitHub\Math4AI_Final_Project\starter_pack\figures\moons_ablation_comparison.png

===== Summary =====
h=2: Test Loss=0.2740, Test Acc=0.8500
h=8: Test Loss=0.1173, Test Acc=0.9750
h=32: Test Loss=0.1204, Test Acc=0.9750

Finished successfully.
