Log file: c:\Users\fgmz2\OneDrive\Documents\GitHub\Math4AI_Final_Project\starter_pack\scripts\results\logs\run_digits_5seeds_20260402_175448.log

===== Seed 0: Softmax =====
Epoch 0, Train Loss: 2.1455, Train Acc: 0.7821, Val Loss: 2.1435, Val Acc: 0.7634
Epoch 10, Train Loss: 1.1661, Train Acc: 0.9106, Val Loss: 1.1546, Val Acc: 0.8930
Epoch 20, Train Loss: 0.7907, Train Acc: 0.9292, Val Loss: 0.7774, Val Acc: 0.9127
Epoch 30, Train Loss: 0.6135, Train Acc: 0.9348, Val Loss: 0.6013, Val Acc: 0.9155
Epoch 40, Train Loss: 0.5121, Train Acc: 0.9358, Val Loss: 0.5017, Val Acc: 0.9211
Epoch 50, Train Loss: 0.4465, Train Acc: 0.9404, Val Loss: 0.4377, Val Acc: 0.9239
Epoch 60, Train Loss: 0.4002, Train Acc: 0.9413, Val Loss: 0.3930, Val Acc: 0.9296
Epoch 70, Train Loss: 0.3656, Train Acc: 0.9432, Val Loss: 0.3602, Val Acc: 0.9352
Epoch 80, Train Loss: 0.3387, Train Acc: 0.9460, Val Loss: 0.3348, Val Acc: 0.9352
Epoch 90, Train Loss: 0.3171, Train Acc: 0.9497, Val Loss: 0.3146, Val Acc: 0.9352
Epoch 100, Train Loss: 0.2992, Train Acc: 0.9525, Val Loss: 0.2979, Val Acc: 0.9437
Epoch 110, Train Loss: 0.2842, Train Acc: 0.9544, Val Loss: 0.2841, Val Acc: 0.9493
Epoch 120, Train Loss: 0.2714, Train Acc: 0.9581, Val Loss: 0.2725, Val Acc: 0.9465
Epoch 130, Train Loss: 0.2602, Train Acc: 0.9590, Val Loss: 0.2625, Val Acc: 0.9465
Epoch 140, Train Loss: 0.2505, Train Acc: 0.9600, Val Loss: 0.2537, Val Acc: 0.9493
Epoch 150, Train Loss: 0.2419, Train Acc: 0.9600, Val Loss: 0.2461, Val Acc: 0.9493
Epoch 160, Train Loss: 0.2342, Train Acc: 0.9618, Val Loss: 0.2394, Val Acc: 0.9493
Epoch 170, Train Loss: 0.2273, Train Acc: 0.9628, Val Loss: 0.2333, Val Acc: 0.9493
Epoch 180, Train Loss: 0.2210, Train Acc: 0.9646, Val Loss: 0.2280, Val Acc: 0.9521
Epoch 190, Train Loss: 0.2153, Train Acc: 0.9646, Val Loss: 0.2231, Val Acc: 0.9493
Softmax Seed 0 - Best Epoch: 199, Test Loss: 0.2776, Test Acc: 0.9402

===== Seed 0: Neural Net =====
Epoch 0, Train Loss: 2.1388, Train Acc: 0.4032, Val Loss: 2.1400, Val Acc: 0.4028
Epoch 10, Train Loss: 0.9294, Train Acc: 0.8818, Val Loss: 0.9297, Val Acc: 0.8563
Epoch 20, Train Loss: 0.4925, Train Acc: 0.9376, Val Loss: 0.4969, Val Acc: 0.9239
Epoch 30, Train Loss: 0.3338, Train Acc: 0.9488, Val Loss: 0.3410, Val Acc: 0.9521
Epoch 40, Train Loss: 0.2580, Train Acc: 0.9572, Val Loss: 0.2675, Val Acc: 0.9521
Epoch 50, Train Loss: 0.2141, Train Acc: 0.9655, Val Loss: 0.2260, Val Acc: 0.9549
Epoch 60, Train Loss: 0.1853, Train Acc: 0.9739, Val Loss: 0.1999, Val Acc: 0.9606
Epoch 70, Train Loss: 0.1645, Train Acc: 0.9758, Val Loss: 0.1826, Val Acc: 0.9606
Epoch 80, Train Loss: 0.1488, Train Acc: 0.9749, Val Loss: 0.1698, Val Acc: 0.9606
Epoch 90, Train Loss: 0.1366, Train Acc: 0.9795, Val Loss: 0.1605, Val Acc: 0.9606
Epoch 100, Train Loss: 0.1264, Train Acc: 0.9832, Val Loss: 0.1530, Val Acc: 0.9662
Epoch 110, Train Loss: 0.1180, Train Acc: 0.9851, Val Loss: 0.1478, Val Acc: 0.9662
Epoch 120, Train Loss: 0.1107, Train Acc: 0.9851, Val Loss: 0.1430, Val Acc: 0.9662
Epoch 130, Train Loss: 0.1044, Train Acc: 0.9870, Val Loss: 0.1391, Val Acc: 0.9662
Epoch 140, Train Loss: 0.0989, Train Acc: 0.9879, Val Loss: 0.1364, Val Acc: 0.9718
Epoch 150, Train Loss: 0.0941, Train Acc: 0.9879, Val Loss: 0.1333, Val Acc: 0.9690
Epoch 160, Train Loss: 0.0898, Train Acc: 0.9879, Val Loss: 0.1312, Val Acc: 0.9690
Epoch 170, Train Loss: 0.0859, Train Acc: 0.9879, Val Loss: 0.1291, Val Acc: 0.9690
Epoch 180, Train Loss: 0.0822, Train Acc: 0.9879, Val Loss: 0.1276, Val Acc: 0.9662
Epoch 190, Train Loss: 0.0790, Train Acc: 0.9888, Val Loss: 0.1265, Val Acc: 0.9662
NN Seed 0 - Best Epoch: 199, Test Loss: 0.1816, Test Acc: 0.9511

===== Seed 1: Softmax =====
Epoch 0, Train Loss: 2.1436, Train Acc: 0.8669, Val Loss: 2.1419, Val Acc: 0.8535
Epoch 10, Train Loss: 1.1649, Train Acc: 0.9171, Val Loss: 1.1531, Val Acc: 0.8986
Epoch 20, Train Loss: 0.7898, Train Acc: 0.9283, Val Loss: 0.7762, Val Acc: 0.9099
Epoch 30, Train Loss: 0.6129, Train Acc: 0.9339, Val Loss: 0.6004, Val Acc: 0.9155
Epoch 40, Train Loss: 0.5117, Train Acc: 0.9358, Val Loss: 0.5010, Val Acc: 0.9155
Epoch 50, Train Loss: 0.4461, Train Acc: 0.9423, Val Loss: 0.4371, Val Acc: 0.9211
Epoch 60, Train Loss: 0.3999, Train Acc: 0.9413, Val Loss: 0.3925, Val Acc: 0.9296
Epoch 70, Train Loss: 0.3653, Train Acc: 0.9441, Val Loss: 0.3596, Val Acc: 0.9380
Epoch 80, Train Loss: 0.3385, Train Acc: 0.9451, Val Loss: 0.3343, Val Acc: 0.9352
Epoch 90, Train Loss: 0.3168, Train Acc: 0.9497, Val Loss: 0.3141, Val Acc: 0.9352
Epoch 100, Train Loss: 0.2990, Train Acc: 0.9516, Val Loss: 0.2975, Val Acc: 0.9408
Epoch 110, Train Loss: 0.2840, Train Acc: 0.9544, Val Loss: 0.2836, Val Acc: 0.9465
Epoch 120, Train Loss: 0.2712, Train Acc: 0.9581, Val Loss: 0.2721, Val Acc: 0.9465
Epoch 130, Train Loss: 0.2601, Train Acc: 0.9590, Val Loss: 0.2621, Val Acc: 0.9465
Epoch 140, Train Loss: 0.2504, Train Acc: 0.9600, Val Loss: 0.2533, Val Acc: 0.9465
Epoch 150, Train Loss: 0.2418, Train Acc: 0.9600, Val Loss: 0.2458, Val Acc: 0.9465
Epoch 160, Train Loss: 0.2341, Train Acc: 0.9628, Val Loss: 0.2390, Val Acc: 0.9465
Epoch 170, Train Loss: 0.2272, Train Acc: 0.9628, Val Loss: 0.2330, Val Acc: 0.9465
Epoch 180, Train Loss: 0.2209, Train Acc: 0.9646, Val Loss: 0.2276, Val Acc: 0.9465
Epoch 190, Train Loss: 0.2152, Train Acc: 0.9646, Val Loss: 0.2227, Val Acc: 0.9465
Softmax Seed 1 - Best Epoch: 199, Test Loss: 0.2774, Test Acc: 0.9348

===== Seed 1: Neural Net =====
Epoch 0, Train Loss: 2.2131, Train Acc: 0.2263, Val Loss: 2.2090, Val Acc: 0.2732
Epoch 10, Train Loss: 0.9850, Train Acc: 0.8482, Val Loss: 0.9787, Val Acc: 0.8394
Epoch 20, Train Loss: 0.5344, Train Acc: 0.9255, Val Loss: 0.5368, Val Acc: 0.9070
Epoch 30, Train Loss: 0.3625, Train Acc: 0.9404, Val Loss: 0.3697, Val Acc: 0.9268
Epoch 40, Train Loss: 0.2764, Train Acc: 0.9572, Val Loss: 0.2871, Val Acc: 0.9408
Epoch 50, Train Loss: 0.2260, Train Acc: 0.9637, Val Loss: 0.2388, Val Acc: 0.9493
Epoch 60, Train Loss: 0.1930, Train Acc: 0.9711, Val Loss: 0.2090, Val Acc: 0.9577
Epoch 70, Train Loss: 0.1697, Train Acc: 0.9749, Val Loss: 0.1882, Val Acc: 0.9606
Epoch 80, Train Loss: 0.1524, Train Acc: 0.9777, Val Loss: 0.1740, Val Acc: 0.9606
Epoch 90, Train Loss: 0.1388, Train Acc: 0.9795, Val Loss: 0.1631, Val Acc: 0.9634
Epoch 100, Train Loss: 0.1279, Train Acc: 0.9814, Val Loss: 0.1547, Val Acc: 0.9634
Epoch 110, Train Loss: 0.1189, Train Acc: 0.9851, Val Loss: 0.1484, Val Acc: 0.9634
Epoch 120, Train Loss: 0.1111, Train Acc: 0.9851, Val Loss: 0.1430, Val Acc: 0.9634
Epoch 130, Train Loss: 0.1045, Train Acc: 0.9851, Val Loss: 0.1384, Val Acc: 0.9634
Epoch 140, Train Loss: 0.0989, Train Acc: 0.9870, Val Loss: 0.1351, Val Acc: 0.9634
Epoch 150, Train Loss: 0.0938, Train Acc: 0.9879, Val Loss: 0.1315, Val Acc: 0.9634
Epoch 160, Train Loss: 0.0892, Train Acc: 0.9888, Val Loss: 0.1289, Val Acc: 0.9634
Epoch 170, Train Loss: 0.0852, Train Acc: 0.9888, Val Loss: 0.1269, Val Acc: 0.9634
Epoch 180, Train Loss: 0.0815, Train Acc: 0.9888, Val Loss: 0.1251, Val Acc: 0.9634
Epoch 190, Train Loss: 0.0781, Train Acc: 0.9879, Val Loss: 0.1230, Val Acc: 0.9634
NN Seed 1 - Best Epoch: 199, Test Loss: 0.1735, Test Acc: 0.9457

===== Seed 2: Softmax =====
Epoch 0, Train Loss: 2.1371, Train Acc: 0.8864, Val Loss: 2.1369, Val Acc: 0.8676
Epoch 10, Train Loss: 1.1623, Train Acc: 0.9162, Val Loss: 1.1518, Val Acc: 0.8986
Epoch 20, Train Loss: 0.7887, Train Acc: 0.9311, Val Loss: 0.7764, Val Acc: 0.9042
Epoch 30, Train Loss: 0.6123, Train Acc: 0.9358, Val Loss: 0.6006, Val Acc: 0.9183
Epoch 40, Train Loss: 0.5114, Train Acc: 0.9367, Val Loss: 0.5013, Val Acc: 0.9183
Epoch 50, Train Loss: 0.4459, Train Acc: 0.9404, Val Loss: 0.4375, Val Acc: 0.9239
Epoch 60, Train Loss: 0.3998, Train Acc: 0.9423, Val Loss: 0.3931, Val Acc: 0.9268
Epoch 70, Train Loss: 0.3653, Train Acc: 0.9432, Val Loss: 0.3601, Val Acc: 0.9352
Epoch 80, Train Loss: 0.3385, Train Acc: 0.9460, Val Loss: 0.3346, Val Acc: 0.9352
Epoch 90, Train Loss: 0.3169, Train Acc: 0.9497, Val Loss: 0.3144, Val Acc: 0.9352
Epoch 100, Train Loss: 0.2991, Train Acc: 0.9516, Val Loss: 0.2979, Val Acc: 0.9408
Epoch 110, Train Loss: 0.2841, Train Acc: 0.9544, Val Loss: 0.2841, Val Acc: 0.9465
Epoch 120, Train Loss: 0.2713, Train Acc: 0.9572, Val Loss: 0.2724, Val Acc: 0.9465
Epoch 130, Train Loss: 0.2602, Train Acc: 0.9590, Val Loss: 0.2624, Val Acc: 0.9465
Epoch 140, Train Loss: 0.2505, Train Acc: 0.9600, Val Loss: 0.2537, Val Acc: 0.9465
Epoch 150, Train Loss: 0.2419, Train Acc: 0.9600, Val Loss: 0.2460, Val Acc: 0.9465
Epoch 160, Train Loss: 0.2342, Train Acc: 0.9628, Val Loss: 0.2393, Val Acc: 0.9465
Epoch 170, Train Loss: 0.2273, Train Acc: 0.9628, Val Loss: 0.2333, Val Acc: 0.9465
Epoch 180, Train Loss: 0.2210, Train Acc: 0.9637, Val Loss: 0.2279, Val Acc: 0.9493
Epoch 190, Train Loss: 0.2153, Train Acc: 0.9646, Val Loss: 0.2230, Val Acc: 0.9465
Softmax Seed 2 - Best Epoch: 199, Test Loss: 0.2775, Test Acc: 0.9375

===== Seed 2: Neural Net =====
Epoch 0, Train Loss: 2.2039, Train Acc: 0.2654, Val Loss: 2.2002, Val Acc: 0.2873
Epoch 10, Train Loss: 0.9794, Train Acc: 0.8883, Val Loss: 0.9788, Val Acc: 0.8620
Epoch 20, Train Loss: 0.5207, Train Acc: 0.9218, Val Loss: 0.5321, Val Acc: 0.8958
Epoch 30, Train Loss: 0.3533, Train Acc: 0.9404, Val Loss: 0.3696, Val Acc: 0.9239
Epoch 40, Train Loss: 0.2719, Train Acc: 0.9525, Val Loss: 0.2905, Val Acc: 0.9437
Epoch 50, Train Loss: 0.2242, Train Acc: 0.9618, Val Loss: 0.2445, Val Acc: 0.9493
Epoch 60, Train Loss: 0.1929, Train Acc: 0.9646, Val Loss: 0.2153, Val Acc: 0.9521
Epoch 70, Train Loss: 0.1704, Train Acc: 0.9711, Val Loss: 0.1947, Val Acc: 0.9521
Epoch 80, Train Loss: 0.1535, Train Acc: 0.9758, Val Loss: 0.1801, Val Acc: 0.9521
Epoch 90, Train Loss: 0.1403, Train Acc: 0.9777, Val Loss: 0.1692, Val Acc: 0.9577
Epoch 100, Train Loss: 0.1296, Train Acc: 0.9795, Val Loss: 0.1614, Val Acc: 0.9606
Epoch 110, Train Loss: 0.1206, Train Acc: 0.9814, Val Loss: 0.1542, Val Acc: 0.9606
Epoch 120, Train Loss: 0.1131, Train Acc: 0.9832, Val Loss: 0.1495, Val Acc: 0.9577
Epoch 130, Train Loss: 0.1065, Train Acc: 0.9832, Val Loss: 0.1450, Val Acc: 0.9606
Epoch 140, Train Loss: 0.1009, Train Acc: 0.9842, Val Loss: 0.1417, Val Acc: 0.9606
Epoch 150, Train Loss: 0.0958, Train Acc: 0.9851, Val Loss: 0.1381, Val Acc: 0.9606
Epoch 160, Train Loss: 0.0914, Train Acc: 0.9870, Val Loss: 0.1359, Val Acc: 0.9606
Epoch 170, Train Loss: 0.0874, Train Acc: 0.9879, Val Loss: 0.1328, Val Acc: 0.9634
Epoch 180, Train Loss: 0.0837, Train Acc: 0.9888, Val Loss: 0.1314, Val Acc: 0.9662
Epoch 190, Train Loss: 0.0804, Train Acc: 0.9888, Val Loss: 0.1298, Val Acc: 0.9634
NN Seed 2 - Best Epoch: 199, Test Loss: 0.1879, Test Acc: 0.9484

===== Seed 3: Softmax =====
Epoch 0, Train Loss: 2.1420, Train Acc: 0.8603, Val Loss: 2.1419, Val Acc: 0.8732
Epoch 10, Train Loss: 1.1630, Train Acc: 0.9199, Val Loss: 1.1522, Val Acc: 0.9070
Epoch 20, Train Loss: 0.7885, Train Acc: 0.9320, Val Loss: 0.7759, Val Acc: 0.9070
Epoch 30, Train Loss: 0.6118, Train Acc: 0.9348, Val Loss: 0.5995, Val Acc: 0.9183
Epoch 40, Train Loss: 0.5108, Train Acc: 0.9367, Val Loss: 0.5002, Val Acc: 0.9183
Epoch 50, Train Loss: 0.4454, Train Acc: 0.9395, Val Loss: 0.4365, Val Acc: 0.9239
Epoch 60, Train Loss: 0.3993, Train Acc: 0.9423, Val Loss: 0.3920, Val Acc: 0.9296
Epoch 70, Train Loss: 0.3648, Train Acc: 0.9441, Val Loss: 0.3591, Val Acc: 0.9352
Epoch 80, Train Loss: 0.3380, Train Acc: 0.9469, Val Loss: 0.3338, Val Acc: 0.9352
Epoch 90, Train Loss: 0.3165, Train Acc: 0.9497, Val Loss: 0.3136, Val Acc: 0.9352
Epoch 100, Train Loss: 0.2987, Train Acc: 0.9507, Val Loss: 0.2970, Val Acc: 0.9408
Epoch 110, Train Loss: 0.2837, Train Acc: 0.9562, Val Loss: 0.2833, Val Acc: 0.9465
Epoch 120, Train Loss: 0.2709, Train Acc: 0.9581, Val Loss: 0.2717, Val Acc: 0.9465
Epoch 130, Train Loss: 0.2598, Train Acc: 0.9590, Val Loss: 0.2616, Val Acc: 0.9465
Epoch 140, Train Loss: 0.2501, Train Acc: 0.9590, Val Loss: 0.2529, Val Acc: 0.9465
Epoch 150, Train Loss: 0.2415, Train Acc: 0.9600, Val Loss: 0.2454, Val Acc: 0.9465
Epoch 160, Train Loss: 0.2339, Train Acc: 0.9628, Val Loss: 0.2387, Val Acc: 0.9465
Epoch 170, Train Loss: 0.2270, Train Acc: 0.9628, Val Loss: 0.2326, Val Acc: 0.9493
Epoch 180, Train Loss: 0.2207, Train Acc: 0.9646, Val Loss: 0.2273, Val Acc: 0.9493
Epoch 190, Train Loss: 0.2150, Train Acc: 0.9646, Val Loss: 0.2224, Val Acc: 0.9465
Softmax Seed 3 - Best Epoch: 199, Test Loss: 0.2768, Test Acc: 0.9402

===== Seed 3: Neural Net =====
Epoch 0, Train Loss: 2.2025, Train Acc: 0.2402, Val Loss: 2.2000, Val Acc: 0.2930
Epoch 10, Train Loss: 0.9651, Train Acc: 0.8873, Val Loss: 0.9632, Val Acc: 0.8676
Epoch 20, Train Loss: 0.5095, Train Acc: 0.9348, Val Loss: 0.5161, Val Acc: 0.9127
Epoch 30, Train Loss: 0.3438, Train Acc: 0.9460, Val Loss: 0.3538, Val Acc: 0.9352
Epoch 40, Train Loss: 0.2644, Train Acc: 0.9507, Val Loss: 0.2778, Val Acc: 0.9465
Epoch 50, Train Loss: 0.2183, Train Acc: 0.9581, Val Loss: 0.2345, Val Acc: 0.9521
Epoch 60, Train Loss: 0.1881, Train Acc: 0.9674, Val Loss: 0.2076, Val Acc: 0.9549
Epoch 70, Train Loss: 0.1664, Train Acc: 0.9749, Val Loss: 0.1887, Val Acc: 0.9549
Epoch 80, Train Loss: 0.1502, Train Acc: 0.9777, Val Loss: 0.1757, Val Acc: 0.9577
Epoch 90, Train Loss: 0.1374, Train Acc: 0.9823, Val Loss: 0.1651, Val Acc: 0.9577
Epoch 100, Train Loss: 0.1268, Train Acc: 0.9842, Val Loss: 0.1576, Val Acc: 0.9634
Epoch 110, Train Loss: 0.1181, Train Acc: 0.9842, Val Loss: 0.1521, Val Acc: 0.9634
Epoch 120, Train Loss: 0.1108, Train Acc: 0.9860, Val Loss: 0.1476, Val Acc: 0.9634
Epoch 130, Train Loss: 0.1043, Train Acc: 0.9860, Val Loss: 0.1428, Val Acc: 0.9634
Epoch 140, Train Loss: 0.0988, Train Acc: 0.9860, Val Loss: 0.1401, Val Acc: 0.9634
Epoch 150, Train Loss: 0.0938, Train Acc: 0.9860, Val Loss: 0.1354, Val Acc: 0.9634
Epoch 160, Train Loss: 0.0893, Train Acc: 0.9879, Val Loss: 0.1339, Val Acc: 0.9634
Epoch 170, Train Loss: 0.0854, Train Acc: 0.9898, Val Loss: 0.1308, Val Acc: 0.9634
Epoch 180, Train Loss: 0.0817, Train Acc: 0.9898, Val Loss: 0.1293, Val Acc: 0.9634
Epoch 190, Train Loss: 0.0785, Train Acc: 0.9898, Val Loss: 0.1281, Val Acc: 0.9634
NN Seed 3 - Best Epoch: 198, Test Loss: 0.1816, Test Acc: 0.9484

===== Seed 4: Softmax =====
Epoch 0, Train Loss: 2.1445, Train Acc: 0.7505, Val Loss: 2.1443, Val Acc: 0.7465
Epoch 10, Train Loss: 1.1654, Train Acc: 0.9125, Val Loss: 1.1544, Val Acc: 0.8986
Epoch 20, Train Loss: 0.7903, Train Acc: 0.9311, Val Loss: 0.7777, Val Acc: 0.9183
Epoch 30, Train Loss: 0.6132, Train Acc: 0.9348, Val Loss: 0.6015, Val Acc: 0.9183
Epoch 40, Train Loss: 0.5119, Train Acc: 0.9367, Val Loss: 0.5020, Val Acc: 0.9211
Epoch 50, Train Loss: 0.4463, Train Acc: 0.9404, Val Loss: 0.4378, Val Acc: 0.9239
Epoch 60, Train Loss: 0.4000, Train Acc: 0.9432, Val Loss: 0.3931, Val Acc: 0.9296
Epoch 70, Train Loss: 0.3655, Train Acc: 0.9441, Val Loss: 0.3603, Val Acc: 0.9324
Epoch 80, Train Loss: 0.3386, Train Acc: 0.9460, Val Loss: 0.3349, Val Acc: 0.9352
Epoch 90, Train Loss: 0.3169, Train Acc: 0.9497, Val Loss: 0.3145, Val Acc: 0.9352
Epoch 100, Train Loss: 0.2991, Train Acc: 0.9516, Val Loss: 0.2979, Val Acc: 0.9437
Epoch 110, Train Loss: 0.2841, Train Acc: 0.9553, Val Loss: 0.2842, Val Acc: 0.9465
Epoch 120, Train Loss: 0.2712, Train Acc: 0.9581, Val Loss: 0.2724, Val Acc: 0.9465
Epoch 130, Train Loss: 0.2601, Train Acc: 0.9590, Val Loss: 0.2623, Val Acc: 0.9465
Epoch 140, Train Loss: 0.2504, Train Acc: 0.9600, Val Loss: 0.2536, Val Acc: 0.9465
Epoch 150, Train Loss: 0.2418, Train Acc: 0.9600, Val Loss: 0.2460, Val Acc: 0.9465
Epoch 160, Train Loss: 0.2341, Train Acc: 0.9628, Val Loss: 0.2392, Val Acc: 0.9465
Epoch 170, Train Loss: 0.2272, Train Acc: 0.9628, Val Loss: 0.2332, Val Acc: 0.9493
Epoch 180, Train Loss: 0.2209, Train Acc: 0.9646, Val Loss: 0.2278, Val Acc: 0.9493
Epoch 190, Train Loss: 0.2152, Train Acc: 0.9646, Val Loss: 0.2229, Val Acc: 0.9493
Softmax Seed 4 - Best Epoch: 199, Test Loss: 0.2772, Test Acc: 0.9375

===== Seed 4: Neural Net =====
Epoch 0, Train Loss: 2.1406, Train Acc: 0.3166, Val Loss: 2.1341, Val Acc: 0.3521
Epoch 10, Train Loss: 0.9250, Train Acc: 0.9022, Val Loss: 0.9123, Val Acc: 0.8901
Epoch 20, Train Loss: 0.4858, Train Acc: 0.9320, Val Loss: 0.4843, Val Acc: 0.9155
Epoch 30, Train Loss: 0.3311, Train Acc: 0.9441, Val Loss: 0.3374, Val Acc: 0.9296
Epoch 40, Train Loss: 0.2565, Train Acc: 0.9553, Val Loss: 0.2683, Val Acc: 0.9493
Epoch 50, Train Loss: 0.2128, Train Acc: 0.9646, Val Loss: 0.2279, Val Acc: 0.9521
Epoch 60, Train Loss: 0.1839, Train Acc: 0.9721, Val Loss: 0.2028, Val Acc: 0.9577
Epoch 70, Train Loss: 0.1634, Train Acc: 0.9730, Val Loss: 0.1858, Val Acc: 0.9606
Epoch 80, Train Loss: 0.1479, Train Acc: 0.9786, Val Loss: 0.1731, Val Acc: 0.9606
Epoch 90, Train Loss: 0.1353, Train Acc: 0.9804, Val Loss: 0.1640, Val Acc: 0.9577
Epoch 100, Train Loss: 0.1253, Train Acc: 0.9832, Val Loss: 0.1567, Val Acc: 0.9577
Epoch 110, Train Loss: 0.1170, Train Acc: 0.9842, Val Loss: 0.1513, Val Acc: 0.9634
Epoch 120, Train Loss: 0.1096, Train Acc: 0.9842, Val Loss: 0.1469, Val Acc: 0.9606
Epoch 130, Train Loss: 0.1034, Train Acc: 0.9860, Val Loss: 0.1432, Val Acc: 0.9606
Epoch 140, Train Loss: 0.0979, Train Acc: 0.9870, Val Loss: 0.1398, Val Acc: 0.9606
Epoch 150, Train Loss: 0.0931, Train Acc: 0.9860, Val Loss: 0.1373, Val Acc: 0.9606
Epoch 160, Train Loss: 0.0887, Train Acc: 0.9870, Val Loss: 0.1348, Val Acc: 0.9606
Epoch 170, Train Loss: 0.0848, Train Acc: 0.9888, Val Loss: 0.1329, Val Acc: 0.9606
Epoch 180, Train Loss: 0.0812, Train Acc: 0.9888, Val Loss: 0.1309, Val Acc: 0.9606
Epoch 190, Train Loss: 0.0779, Train Acc: 0.9888, Val Loss: 0.1298, Val Acc: 0.9606
NN Seed 4 - Best Epoch: 197, Test Loss: 0.1764, Test Acc: 0.9538

===== 5-Seed Summary =====
Softmax Test Accs : [0.9402173913043478, 0.9347826086956522, 0.9375, 0.9402173913043478, 0.9375]
Softmax Test Loss : [0.27763736766427943, 0.27739991716206813, 0.27747732173033995, 0.27676324005475544, 0.2772144535246]
NN Test Accs      : [0.9510869565217391, 0.9456521739130435, 0.9483695652173914, 0.9483695652173914, 0.9538043478260869]
NN Test Loss      : [0.18157585243527422, 0.1734693618437086, 0.1879038131970142, 0.1815521304999202, 0.1763910805781276]

Softmax Accuracy
Mean: 0.9380, 95% CI: [0.9352, 0.9409], Std: 0.0023
Softmax Cross-Entropy
Mean: 0.2773, 95% CI: [0.2769, 0.2777], Std: 0.0003

NN Accuracy
Mean: 0.9495, 95% CI: [0.9456, 0.9533], Std: 0.0031
NN Cross-Entropy
Mean: 0.1802, 95% CI: [0.1733, 0.1871], Std: 0.0055

Finished successfully.
