Log file: C:\Users\fgmz2\OneDrive\Documents\GitHub\Math4AI_Final_Project\starter_pack\scripts\results\logs\run_moons_ablation_20260402_001404.log

===== Moons Width Ablation: h = 2 =====
Epoch 0, Train Loss: 0.6359, Train Acc: 0.7583, Val Loss: 0.6295, Val Acc: 0.7875
Epoch 10, Train Loss: 0.5119, Train Acc: 0.8083, Val Loss: 0.4842, Val Acc: 0.8375
Epoch 20, Train Loss: 0.4334, Train Acc: 0.8125, Val Loss: 0.3873, Val Acc: 0.8625
Epoch 30, Train Loss: 0.3875, Train Acc: 0.8333, Val Loss: 0.3301, Val Acc: 0.8625
Epoch 40, Train Loss: 0.3592, Train Acc: 0.8417, Val Loss: 0.2956, Val Acc: 0.8625
Epoch 50, Train Loss: 0.3407, Train Acc: 0.8458, Val Loss: 0.2739, Val Acc: 0.8750
Epoch 60, Train Loss: 0.3284, Train Acc: 0.8708, Val Loss: 0.2593, Val Acc: 0.8875
Epoch 70, Train Loss: 0.3200, Train Acc: 0.8625, Val Loss: 0.2497, Val Acc: 0.8750
Epoch 80, Train Loss: 0.3146, Train Acc: 0.8625, Val Loss: 0.2432, Val Acc: 0.8750
Epoch 90, Train Loss: 0.3110, Train Acc: 0.8625, Val Loss: 0.2387, Val Acc: 0.8750
Train - Loss: 0.3087, Acc: 0.8625
Val   - Loss: 0.2356, Acc: 0.8750
Test  - Loss: 0.2896, Acc: 0.8500

===== Moons Width Ablation: h = 8 =====
Epoch 0, Train Loss: 0.6257, Train Acc: 0.8208, Val Loss: 0.6147, Val Acc: 0.8375
Epoch 10, Train Loss: 0.4840, Train Acc: 0.8042, Val Loss: 0.4507, Val Acc: 0.8250
Epoch 20, Train Loss: 0.4077, Train Acc: 0.8125, Val Loss: 0.3541, Val Acc: 0.8625
Epoch 30, Train Loss: 0.3664, Train Acc: 0.8375, Val Loss: 0.3016, Val Acc: 0.8625
Epoch 40, Train Loss: 0.3420, Train Acc: 0.8417, Val Loss: 0.2718, Val Acc: 0.8625
Epoch 50, Train Loss: 0.3267, Train Acc: 0.8542, Val Loss: 0.2541, Val Acc: 0.8750
Epoch 60, Train Loss: 0.3168, Train Acc: 0.8667, Val Loss: 0.2425, Val Acc: 0.8875
Epoch 70, Train Loss: 0.3103, Train Acc: 0.8625, Val Loss: 0.2352, Val Acc: 0.8750
Epoch 80, Train Loss: 0.3063, Train Acc: 0.8625, Val Loss: 0.2304, Val Acc: 0.8750
Epoch 90, Train Loss: 0.3036, Train Acc: 0.8625, Val Loss: 0.2272, Val Acc: 0.8750
Train - Loss: 0.3019, Acc: 0.8625
Val   - Loss: 0.2249, Acc: 0.8750
Test  - Loss: 0.2820, Acc: 0.8500

===== Moons Width Ablation: h = 32 =====
Epoch 0, Train Loss: 0.6575, Train Acc: 0.6917, Val Loss: 0.6569, Val Acc: 0.6625
Epoch 10, Train Loss: 0.4395, Train Acc: 0.8083, Val Loss: 0.3954, Val Acc: 0.8500
Epoch 20, Train Loss: 0.3712, Train Acc: 0.8333, Val Loss: 0.3080, Val Acc: 0.8625
Epoch 30, Train Loss: 0.3396, Train Acc: 0.8417, Val Loss: 0.2690, Val Acc: 0.8625
Epoch 40, Train Loss: 0.3223, Train Acc: 0.8542, Val Loss: 0.2484, Val Acc: 0.8750
Epoch 50, Train Loss: 0.3121, Train Acc: 0.8708, Val Loss: 0.2370, Val Acc: 0.8875
Epoch 60, Train Loss: 0.3059, Train Acc: 0.8625, Val Loss: 0.2298, Val Acc: 0.8750
Epoch 70, Train Loss: 0.3021, Train Acc: 0.8625, Val Loss: 0.2254, Val Acc: 0.8750
Epoch 80, Train Loss: 0.2999, Train Acc: 0.8625, Val Loss: 0.2226, Val Acc: 0.8750
Epoch 90, Train Loss: 0.2985, Train Acc: 0.8625, Val Loss: 0.2209, Val Acc: 0.8750
Train - Loss: 0.2977, Acc: 0.8625
Val   - Loss: 0.2196, Acc: 0.8750
Test  - Loss: 0.2755, Acc: 0.8500

===== Generating Decision Boundary Plots =====
Saved: C:\Users\fgmz2\OneDrive\Documents\GitHub\Math4AI_Final_Project\starter_pack\figures\decision_boundary_moons_ablation_h_2.png
Saved: C:\Users\fgmz2\OneDrive\Documents\GitHub\Math4AI_Final_Project\starter_pack\figures\decision_boundary_moons_ablation_h_8.png
Saved: C:\Users\fgmz2\OneDrive\Documents\GitHub\Math4AI_Final_Project\starter_pack\figures\decision_boundary_moons_ablation_h_32.png

===== Summary =====
h=2: Test Loss=0.2896, Test Acc=0.8500
h=8: Test Loss=0.2820, Test Acc=0.8500
h=32: Test Loss=0.2755, Test Acc=0.8500

Finished successfully.
Saved log to: C:\Users\fgmz2\OneDrive\Documents\GitHub\Math4AI_Final_Project\starter_pack\scripts\results\logs\run_moons_ablation_20260402_001404.log
