Log file: C:\Users\User\OneDrive\Documents\GitHub\Math4AI_Final_Project\starter_pack\scripts\results\logs\run_digits_5seeds_20260331_215250.log

===== Seed 0: Softmax =====
Epoch 0, Train Loss: 2.1455, Train Acc: 0.7821, Val Loss: 2.1435, Val Acc: 0.7634
Epoch 10, Train Loss: 1.1661, Train Acc: 0.9106, Val Loss: 1.1546, Val Acc: 0.8930
Epoch 20, Train Loss: 0.7907, Train Acc: 0.9292, Val Loss: 0.7774, Val Acc: 0.9127
Epoch 30, Train Loss: 0.6135, Train Acc: 0.9348, Val Loss: 0.6013, Val Acc: 0.9155
Epoch 40, Train Loss: 0.5121, Train Acc: 0.9358, Val Loss: 0.5017, Val Acc: 0.9211
Epoch 50, Train Loss: 0.4465, Train Acc: 0.9404, Val Loss: 0.4377, Val Acc: 0.9239
Epoch 60, Train Loss: 0.4002, Train Acc: 0.9413, Val Loss: 0.3930, Val Acc: 0.9296
Epoch 70, Train Loss: 0.3656, Train Acc: 0.9432, Val Loss: 0.3602, Val Acc: 0.9352
Epoch 80, Train Loss: 0.3387, Train Acc: 0.9460, Val Loss: 0.3348, Val Acc: 0.9352
Epoch 90, Train Loss: 0.3171, Train Acc: 0.9497, Val Loss: 0.3146, Val Acc: 0.9352
Epoch 100, Train Loss: 0.2992, Train Acc: 0.9525, Val Loss: 0.2979, Val Acc: 0.9437
Epoch 110, Train Loss: 0.2842, Train Acc: 0.9544, Val Loss: 0.2841, Val Acc: 0.9493
Epoch 120, Train Loss: 0.2714, Train Acc: 0.9581, Val Loss: 0.2725, Val Acc: 0.9465
Epoch 130, Train Loss: 0.2602, Train Acc: 0.9590, Val Loss: 0.2625, Val Acc: 0.9465
Epoch 140, Train Loss: 0.2505, Train Acc: 0.9600, Val Loss: 0.2537, Val Acc: 0.9493
Epoch 150, Train Loss: 0.2419, Train Acc: 0.9600, Val Loss: 0.2461, Val Acc: 0.9493
Epoch 160, Train Loss: 0.2342, Train Acc: 0.9618, Val Loss: 0.2394, Val Acc: 0.9493
Epoch 170, Train Loss: 0.2273, Train Acc: 0.9628, Val Loss: 0.2333, Val Acc: 0.9493
Epoch 180, Train Loss: 0.2210, Train Acc: 0.9646, Val Loss: 0.2280, Val Acc: 0.9521
Epoch 190, Train Loss: 0.2153, Train Acc: 0.9646, Val Loss: 0.2231, Val Acc: 0.9493
Softmax Seed 0 - Best Epoch: 199, Test Loss: 0.2776, Test Acc: 0.9402

===== Seed 0: Neural Net =====
Epoch 0, Train Loss: 2.3012, Train Acc: 0.2002, Val Loss: 2.3012, Val Acc: 0.2085
Epoch 10, Train Loss: 2.2352, Train Acc: 0.6434, Val Loss: 2.2353, Val Acc: 0.6451
Epoch 20, Train Loss: 1.5455, Train Acc: 0.6359, Val Loss: 1.5498, Val Acc: 0.6282
Epoch 30, Train Loss: 0.9060, Train Acc: 0.8128, Val Loss: 0.9182, Val Acc: 0.7831
Epoch 40, Train Loss: 0.5842, Train Acc: 0.8976, Val Loss: 0.6048, Val Acc: 0.8732
Epoch 50, Train Loss: 0.4142, Train Acc: 0.9255, Val Loss: 0.4397, Val Acc: 0.9099
Epoch 60, Train Loss: 0.3174, Train Acc: 0.9423, Val Loss: 0.3437, Val Acc: 0.9239
Epoch 70, Train Loss: 0.2573, Train Acc: 0.9469, Val Loss: 0.2844, Val Acc: 0.9324
Epoch 80, Train Loss: 0.2176, Train Acc: 0.9590, Val Loss: 0.2452, Val Acc: 0.9465
Epoch 90, Train Loss: 0.1897, Train Acc: 0.9665, Val Loss: 0.2182, Val Acc: 0.9549
Epoch 100, Train Loss: 0.1688, Train Acc: 0.9711, Val Loss: 0.1988, Val Acc: 0.9549
Epoch 110, Train Loss: 0.1528, Train Acc: 0.9777, Val Loss: 0.1851, Val Acc: 0.9634
Epoch 120, Train Loss: 0.1398, Train Acc: 0.9804, Val Loss: 0.1736, Val Acc: 0.9634
Epoch 130, Train Loss: 0.1292, Train Acc: 0.9804, Val Loss: 0.1652, Val Acc: 0.9606
Epoch 140, Train Loss: 0.1204, Train Acc: 0.9823, Val Loss: 0.1586, Val Acc: 0.9606
Epoch 150, Train Loss: 0.1128, Train Acc: 0.9851, Val Loss: 0.1528, Val Acc: 0.9634
Epoch 160, Train Loss: 0.1064, Train Acc: 0.9860, Val Loss: 0.1485, Val Acc: 0.9606
Epoch 170, Train Loss: 0.1007, Train Acc: 0.9870, Val Loss: 0.1448, Val Acc: 0.9606
Epoch 180, Train Loss: 0.0955, Train Acc: 0.9870, Val Loss: 0.1420, Val Acc: 0.9606
Epoch 190, Train Loss: 0.0910, Train Acc: 0.9870, Val Loss: 0.1398, Val Acc: 0.9606
NN Seed 0 - Best Epoch: 199, Test Loss: 0.2005, Test Acc: 0.9375

===== Seed 1: Softmax =====
Epoch 0, Train Loss: 2.1436, Train Acc: 0.8669, Val Loss: 2.1419, Val Acc: 0.8535
Epoch 10, Train Loss: 1.1649, Train Acc: 0.9171, Val Loss: 1.1531, Val Acc: 0.8986
Epoch 20, Train Loss: 0.7898, Train Acc: 0.9283, Val Loss: 0.7762, Val Acc: 0.9099
Epoch 30, Train Loss: 0.6129, Train Acc: 0.9339, Val Loss: 0.6004, Val Acc: 0.9155
Epoch 40, Train Loss: 0.5117, Train Acc: 0.9358, Val Loss: 0.5010, Val Acc: 0.9155
Epoch 50, Train Loss: 0.4461, Train Acc: 0.9423, Val Loss: 0.4371, Val Acc: 0.9211
Epoch 60, Train Loss: 0.3999, Train Acc: 0.9413, Val Loss: 0.3925, Val Acc: 0.9296
Epoch 70, Train Loss: 0.3653, Train Acc: 0.9441, Val Loss: 0.3596, Val Acc: 0.9380
Epoch 80, Train Loss: 0.3385, Train Acc: 0.9451, Val Loss: 0.3343, Val Acc: 0.9352
Epoch 90, Train Loss: 0.3168, Train Acc: 0.9497, Val Loss: 0.3141, Val Acc: 0.9352
Epoch 100, Train Loss: 0.2990, Train Acc: 0.9516, Val Loss: 0.2975, Val Acc: 0.9408
Epoch 110, Train Loss: 0.2840, Train Acc: 0.9544, Val Loss: 0.2836, Val Acc: 0.9465
Epoch 120, Train Loss: 0.2712, Train Acc: 0.9581, Val Loss: 0.2721, Val Acc: 0.9465
Epoch 130, Train Loss: 0.2601, Train Acc: 0.9590, Val Loss: 0.2621, Val Acc: 0.9465
Epoch 140, Train Loss: 0.2504, Train Acc: 0.9600, Val Loss: 0.2533, Val Acc: 0.9465
Epoch 150, Train Loss: 0.2418, Train Acc: 0.9600, Val Loss: 0.2458, Val Acc: 0.9465
Epoch 160, Train Loss: 0.2341, Train Acc: 0.9628, Val Loss: 0.2390, Val Acc: 0.9465
Epoch 170, Train Loss: 0.2272, Train Acc: 0.9628, Val Loss: 0.2330, Val Acc: 0.9465
Epoch 180, Train Loss: 0.2209, Train Acc: 0.9646, Val Loss: 0.2276, Val Acc: 0.9465
Epoch 190, Train Loss: 0.2152, Train Acc: 0.9646, Val Loss: 0.2227, Val Acc: 0.9465
Softmax Seed 1 - Best Epoch: 199, Test Loss: 0.2774, Test Acc: 0.9348

===== Seed 1: Neural Net =====
Epoch 0, Train Loss: 2.3018, Train Acc: 0.1806, Val Loss: 2.3017, Val Acc: 0.1972
Epoch 10, Train Loss: 2.2475, Train Acc: 0.6052, Val Loss: 2.2479, Val Acc: 0.6197
Epoch 20, Train Loss: 1.5986, Train Acc: 0.6490, Val Loss: 1.6044, Val Acc: 0.6507
Epoch 30, Train Loss: 0.9212, Train Acc: 0.7896, Val Loss: 0.9357, Val Acc: 0.7831
Epoch 40, Train Loss: 0.6054, Train Acc: 0.8911, Val Loss: 0.6277, Val Acc: 0.8451
Epoch 50, Train Loss: 0.4402, Train Acc: 0.9181, Val Loss: 0.4667, Val Acc: 0.8873
Epoch 60, Train Loss: 0.3418, Train Acc: 0.9302, Val Loss: 0.3685, Val Acc: 0.9127
Epoch 70, Train Loss: 0.2780, Train Acc: 0.9423, Val Loss: 0.3048, Val Acc: 0.9296
Epoch 80, Train Loss: 0.2348, Train Acc: 0.9516, Val Loss: 0.2621, Val Acc: 0.9380
Epoch 90, Train Loss: 0.2036, Train Acc: 0.9646, Val Loss: 0.2308, Val Acc: 0.9521
Epoch 100, Train Loss: 0.1804, Train Acc: 0.9693, Val Loss: 0.2089, Val Acc: 0.9549
Epoch 110, Train Loss: 0.1624, Train Acc: 0.9739, Val Loss: 0.1925, Val Acc: 0.9549
Epoch 120, Train Loss: 0.1480, Train Acc: 0.9749, Val Loss: 0.1800, Val Acc: 0.9549
Epoch 130, Train Loss: 0.1362, Train Acc: 0.9767, Val Loss: 0.1701, Val Acc: 0.9606
Epoch 140, Train Loss: 0.1264, Train Acc: 0.9795, Val Loss: 0.1628, Val Acc: 0.9606
Epoch 150, Train Loss: 0.1180, Train Acc: 0.9832, Val Loss: 0.1561, Val Acc: 0.9606
Epoch 160, Train Loss: 0.1107, Train Acc: 0.9832, Val Loss: 0.1509, Val Acc: 0.9634
Epoch 170, Train Loss: 0.1043, Train Acc: 0.9832, Val Loss: 0.1475, Val Acc: 0.9606
Epoch 180, Train Loss: 0.0988, Train Acc: 0.9851, Val Loss: 0.1441, Val Acc: 0.9606
Epoch 190, Train Loss: 0.0939, Train Acc: 0.9860, Val Loss: 0.1406, Val Acc: 0.9577
NN Seed 1 - Best Epoch: 199, Test Loss: 0.1956, Test Acc: 0.9429

===== Seed 2: Softmax =====
Epoch 0, Train Loss: 2.1371, Train Acc: 0.8864, Val Loss: 2.1369, Val Acc: 0.8676
Epoch 10, Train Loss: 1.1623, Train Acc: 0.9162, Val Loss: 1.1518, Val Acc: 0.8986
Epoch 20, Train Loss: 0.7887, Train Acc: 0.9311, Val Loss: 0.7764, Val Acc: 0.9042
Epoch 30, Train Loss: 0.6123, Train Acc: 0.9358, Val Loss: 0.6006, Val Acc: 0.9183
Epoch 40, Train Loss: 0.5114, Train Acc: 0.9367, Val Loss: 0.5013, Val Acc: 0.9183
Epoch 50, Train Loss: 0.4459, Train Acc: 0.9404, Val Loss: 0.4375, Val Acc: 0.9239
Epoch 60, Train Loss: 0.3998, Train Acc: 0.9423, Val Loss: 0.3931, Val Acc: 0.9268
Epoch 70, Train Loss: 0.3653, Train Acc: 0.9432, Val Loss: 0.3601, Val Acc: 0.9352
Epoch 80, Train Loss: 0.3385, Train Acc: 0.9460, Val Loss: 0.3346, Val Acc: 0.9352
Epoch 90, Train Loss: 0.3169, Train Acc: 0.9497, Val Loss: 0.3144, Val Acc: 0.9352
Epoch 100, Train Loss: 0.2991, Train Acc: 0.9516, Val Loss: 0.2979, Val Acc: 0.9408
Epoch 110, Train Loss: 0.2841, Train Acc: 0.9544, Val Loss: 0.2841, Val Acc: 0.9465
Epoch 120, Train Loss: 0.2713, Train Acc: 0.9572, Val Loss: 0.2724, Val Acc: 0.9465
Epoch 130, Train Loss: 0.2602, Train Acc: 0.9590, Val Loss: 0.2624, Val Acc: 0.9465
Epoch 140, Train Loss: 0.2505, Train Acc: 0.9600, Val Loss: 0.2537, Val Acc: 0.9465
Epoch 150, Train Loss: 0.2419, Train Acc: 0.9600, Val Loss: 0.2460, Val Acc: 0.9465
Epoch 160, Train Loss: 0.2342, Train Acc: 0.9628, Val Loss: 0.2393, Val Acc: 0.9465
Epoch 170, Train Loss: 0.2273, Train Acc: 0.9628, Val Loss: 0.2333, Val Acc: 0.9465
Epoch 180, Train Loss: 0.2210, Train Acc: 0.9637, Val Loss: 0.2279, Val Acc: 0.9493
Epoch 190, Train Loss: 0.2153, Train Acc: 0.9646, Val Loss: 0.2230, Val Acc: 0.9465
Softmax Seed 2 - Best Epoch: 199, Test Loss: 0.2775, Test Acc: 0.9375

===== Seed 2: Neural Net =====
Epoch 0, Train Loss: 2.3017, Train Acc: 0.2169, Val Loss: 2.3017, Val Acc: 0.2197
Epoch 10, Train Loss: 2.2506, Train Acc: 0.5978, Val Loss: 2.2514, Val Acc: 0.5831
Epoch 20, Train Loss: 1.6163, Train Acc: 0.6881, Val Loss: 1.6240, Val Acc: 0.6704
Epoch 30, Train Loss: 0.9327, Train Acc: 0.7970, Val Loss: 0.9479, Val Acc: 0.7944
Epoch 40, Train Loss: 0.6010, Train Acc: 0.8948, Val Loss: 0.6239, Val Acc: 0.8648
Epoch 50, Train Loss: 0.4255, Train Acc: 0.9255, Val Loss: 0.4518, Val Acc: 0.9014
Epoch 60, Train Loss: 0.3254, Train Acc: 0.9404, Val Loss: 0.3536, Val Acc: 0.9183
Epoch 70, Train Loss: 0.2632, Train Acc: 0.9479, Val Loss: 0.2912, Val Acc: 0.9324
Epoch 80, Train Loss: 0.2223, Train Acc: 0.9609, Val Loss: 0.2512, Val Acc: 0.9408
Epoch 90, Train Loss: 0.1935, Train Acc: 0.9683, Val Loss: 0.2237, Val Acc: 0.9465
Epoch 100, Train Loss: 0.1721, Train Acc: 0.9702, Val Loss: 0.2046, Val Acc: 0.9493
Epoch 110, Train Loss: 0.1555, Train Acc: 0.9730, Val Loss: 0.1897, Val Acc: 0.9521
Epoch 120, Train Loss: 0.1422, Train Acc: 0.9758, Val Loss: 0.1792, Val Acc: 0.9521
Epoch 130, Train Loss: 0.1313, Train Acc: 0.9804, Val Loss: 0.1703, Val Acc: 0.9606
Epoch 140, Train Loss: 0.1222, Train Acc: 0.9860, Val Loss: 0.1638, Val Acc: 0.9606
Epoch 150, Train Loss: 0.1144, Train Acc: 0.9860, Val Loss: 0.1577, Val Acc: 0.9606
Epoch 160, Train Loss: 0.1077, Train Acc: 0.9860, Val Loss: 0.1539, Val Acc: 0.9634
Epoch 170, Train Loss: 0.1019, Train Acc: 0.9860, Val Loss: 0.1492, Val Acc: 0.9606
Epoch 180, Train Loss: 0.0966, Train Acc: 0.9860, Val Loss: 0.1467, Val Acc: 0.9606
Epoch 190, Train Loss: 0.0920, Train Acc: 0.9870, Val Loss: 0.1441, Val Acc: 0.9606
NN Seed 2 - Best Epoch: 199, Test Loss: 0.2130, Test Acc: 0.9402

===== Seed 3: Softmax =====
Epoch 0, Train Loss: 2.1420, Train Acc: 0.8603, Val Loss: 2.1419, Val Acc: 0.8732
Epoch 10, Train Loss: 1.1630, Train Acc: 0.9199, Val Loss: 1.1522, Val Acc: 0.9070
Epoch 20, Train Loss: 0.7885, Train Acc: 0.9320, Val Loss: 0.7759, Val Acc: 0.9070
Epoch 30, Train Loss: 0.6118, Train Acc: 0.9348, Val Loss: 0.5995, Val Acc: 0.9183
Epoch 40, Train Loss: 0.5108, Train Acc: 0.9367, Val Loss: 0.5002, Val Acc: 0.9183
Epoch 50, Train Loss: 0.4454, Train Acc: 0.9395, Val Loss: 0.4365, Val Acc: 0.9239
Epoch 60, Train Loss: 0.3993, Train Acc: 0.9423, Val Loss: 0.3920, Val Acc: 0.9296
Epoch 70, Train Loss: 0.3648, Train Acc: 0.9441, Val Loss: 0.3591, Val Acc: 0.9352
Epoch 80, Train Loss: 0.3380, Train Acc: 0.9469, Val Loss: 0.3338, Val Acc: 0.9352
Epoch 90, Train Loss: 0.3165, Train Acc: 0.9497, Val Loss: 0.3136, Val Acc: 0.9352
Epoch 100, Train Loss: 0.2987, Train Acc: 0.9507, Val Loss: 0.2970, Val Acc: 0.9408
Epoch 110, Train Loss: 0.2837, Train Acc: 0.9562, Val Loss: 0.2833, Val Acc: 0.9465
Epoch 120, Train Loss: 0.2709, Train Acc: 0.9581, Val Loss: 0.2717, Val Acc: 0.9465
Epoch 130, Train Loss: 0.2598, Train Acc: 0.9590, Val Loss: 0.2616, Val Acc: 0.9465
Epoch 140, Train Loss: 0.2501, Train Acc: 0.9590, Val Loss: 0.2529, Val Acc: 0.9465
Epoch 150, Train Loss: 0.2415, Train Acc: 0.9600, Val Loss: 0.2454, Val Acc: 0.9465
Epoch 160, Train Loss: 0.2339, Train Acc: 0.9628, Val Loss: 0.2387, Val Acc: 0.9465
Epoch 170, Train Loss: 0.2270, Train Acc: 0.9628, Val Loss: 0.2326, Val Acc: 0.9493
Epoch 180, Train Loss: 0.2207, Train Acc: 0.9646, Val Loss: 0.2273, Val Acc: 0.9493
Epoch 190, Train Loss: 0.2150, Train Acc: 0.9646, Val Loss: 0.2224, Val Acc: 0.9465
Softmax Seed 3 - Best Epoch: 199, Test Loss: 0.2768, Test Acc: 0.9402

===== Seed 3: Neural Net =====
Epoch 0, Train Loss: 2.3016, Train Acc: 0.1117, Val Loss: 2.3016, Val Acc: 0.1211
Epoch 10, Train Loss: 2.2406, Train Acc: 0.6229, Val Loss: 2.2404, Val Acc: 0.5915
Epoch 20, Train Loss: 1.5910, Train Acc: 0.6536, Val Loss: 1.5955, Val Acc: 0.6507
Epoch 30, Train Loss: 0.9225, Train Acc: 0.7989, Val Loss: 0.9355, Val Acc: 0.7859
Epoch 40, Train Loss: 0.5920, Train Acc: 0.8939, Val Loss: 0.6111, Val Acc: 0.8817
Epoch 50, Train Loss: 0.4204, Train Acc: 0.9246, Val Loss: 0.4428, Val Acc: 0.9014
Epoch 60, Train Loss: 0.3217, Train Acc: 0.9404, Val Loss: 0.3467, Val Acc: 0.9296
Epoch 70, Train Loss: 0.2600, Train Acc: 0.9479, Val Loss: 0.2855, Val Acc: 0.9324
Epoch 80, Train Loss: 0.2192, Train Acc: 0.9609, Val Loss: 0.2464, Val Acc: 0.9521
Epoch 90, Train Loss: 0.1904, Train Acc: 0.9683, Val Loss: 0.2190, Val Acc: 0.9521
Epoch 100, Train Loss: 0.1688, Train Acc: 0.9730, Val Loss: 0.2001, Val Acc: 0.9549
Epoch 110, Train Loss: 0.1523, Train Acc: 0.9749, Val Loss: 0.1864, Val Acc: 0.9577
Epoch 120, Train Loss: 0.1392, Train Acc: 0.9758, Val Loss: 0.1760, Val Acc: 0.9634
Epoch 130, Train Loss: 0.1283, Train Acc: 0.9786, Val Loss: 0.1671, Val Acc: 0.9634
Epoch 140, Train Loss: 0.1195, Train Acc: 0.9814, Val Loss: 0.1618, Val Acc: 0.9634
Epoch 150, Train Loss: 0.1119, Train Acc: 0.9842, Val Loss: 0.1546, Val Acc: 0.9634
Epoch 160, Train Loss: 0.1052, Train Acc: 0.9860, Val Loss: 0.1518, Val Acc: 0.9634
Epoch 170, Train Loss: 0.0995, Train Acc: 0.9860, Val Loss: 0.1472, Val Acc: 0.9634
Epoch 180, Train Loss: 0.0945, Train Acc: 0.9860, Val Loss: 0.1449, Val Acc: 0.9634
Epoch 190, Train Loss: 0.0900, Train Acc: 0.9879, Val Loss: 0.1432, Val Acc: 0.9662
NN Seed 3 - Best Epoch: 199, Test Loss: 0.2037, Test Acc: 0.9348

===== Seed 4: Softmax =====
Epoch 0, Train Loss: 2.1445, Train Acc: 0.7505, Val Loss: 2.1443, Val Acc: 0.7465
Epoch 10, Train Loss: 1.1654, Train Acc: 0.9125, Val Loss: 1.1544, Val Acc: 0.8986
Epoch 20, Train Loss: 0.7903, Train Acc: 0.9311, Val Loss: 0.7777, Val Acc: 0.9183
Epoch 30, Train Loss: 0.6132, Train Acc: 0.9348, Val Loss: 0.6015, Val Acc: 0.9183
Epoch 40, Train Loss: 0.5119, Train Acc: 0.9367, Val Loss: 0.5020, Val Acc: 0.9211
Epoch 50, Train Loss: 0.4463, Train Acc: 0.9404, Val Loss: 0.4378, Val Acc: 0.9239
Epoch 60, Train Loss: 0.4000, Train Acc: 0.9432, Val Loss: 0.3931, Val Acc: 0.9296
Epoch 70, Train Loss: 0.3655, Train Acc: 0.9441, Val Loss: 0.3603, Val Acc: 0.9324
Epoch 80, Train Loss: 0.3386, Train Acc: 0.9460, Val Loss: 0.3349, Val Acc: 0.9352
Epoch 90, Train Loss: 0.3169, Train Acc: 0.9497, Val Loss: 0.3145, Val Acc: 0.9352
Epoch 100, Train Loss: 0.2991, Train Acc: 0.9516, Val Loss: 0.2979, Val Acc: 0.9437
Epoch 110, Train Loss: 0.2841, Train Acc: 0.9553, Val Loss: 0.2842, Val Acc: 0.9465
Epoch 120, Train Loss: 0.2712, Train Acc: 0.9581, Val Loss: 0.2724, Val Acc: 0.9465
Epoch 130, Train Loss: 0.2601, Train Acc: 0.9590, Val Loss: 0.2623, Val Acc: 0.9465
Epoch 140, Train Loss: 0.2504, Train Acc: 0.9600, Val Loss: 0.2536, Val Acc: 0.9465
Epoch 150, Train Loss: 0.2418, Train Acc: 0.9600, Val Loss: 0.2460, Val Acc: 0.9465
Epoch 160, Train Loss: 0.2341, Train Acc: 0.9628, Val Loss: 0.2392, Val Acc: 0.9465
Epoch 170, Train Loss: 0.2272, Train Acc: 0.9628, Val Loss: 0.2332, Val Acc: 0.9493
Epoch 180, Train Loss: 0.2209, Train Acc: 0.9646, Val Loss: 0.2278, Val Acc: 0.9493
Epoch 190, Train Loss: 0.2152, Train Acc: 0.9646, Val Loss: 0.2229, Val Acc: 0.9493
Softmax Seed 4 - Best Epoch: 199, Test Loss: 0.2772, Test Acc: 0.9375

===== Seed 4: Neural Net =====
Epoch 0, Train Loss: 2.3012, Train Acc: 0.1825, Val Loss: 2.3012, Val Acc: 0.1606
Epoch 10, Train Loss: 2.2395, Train Acc: 0.6471, Val Loss: 2.2392, Val Acc: 0.6423
Epoch 20, Train Loss: 1.5704, Train Acc: 0.6350, Val Loss: 1.5725, Val Acc: 0.6451
Epoch 30, Train Loss: 0.8989, Train Acc: 0.8250, Val Loss: 0.9079, Val Acc: 0.8113
Epoch 40, Train Loss: 0.5706, Train Acc: 0.9069, Val Loss: 0.5875, Val Acc: 0.8845
Epoch 50, Train Loss: 0.4048, Train Acc: 0.9255, Val Loss: 0.4256, Val Acc: 0.9042
Epoch 60, Train Loss: 0.3110, Train Acc: 0.9441, Val Loss: 0.3352, Val Acc: 0.9239
Epoch 70, Train Loss: 0.2529, Train Acc: 0.9507, Val Loss: 0.2787, Val Acc: 0.9296
Epoch 80, Train Loss: 0.2144, Train Acc: 0.9590, Val Loss: 0.2419, Val Acc: 0.9380
Epoch 90, Train Loss: 0.1868, Train Acc: 0.9683, Val Loss: 0.2156, Val Acc: 0.9521
Epoch 100, Train Loss: 0.1664, Train Acc: 0.9739, Val Loss: 0.1970, Val Acc: 0.9577
Epoch 110, Train Loss: 0.1507, Train Acc: 0.9749, Val Loss: 0.1838, Val Acc: 0.9606
Epoch 120, Train Loss: 0.1379, Train Acc: 0.9767, Val Loss: 0.1732, Val Acc: 0.9634
Epoch 130, Train Loss: 0.1276, Train Acc: 0.9786, Val Loss: 0.1651, Val Acc: 0.9634
Epoch 140, Train Loss: 0.1189, Train Acc: 0.9814, Val Loss: 0.1586, Val Acc: 0.9634
Epoch 150, Train Loss: 0.1115, Train Acc: 0.9842, Val Loss: 0.1539, Val Acc: 0.9634
Epoch 160, Train Loss: 0.1051, Train Acc: 0.9860, Val Loss: 0.1495, Val Acc: 0.9634
Epoch 170, Train Loss: 0.0995, Train Acc: 0.9860, Val Loss: 0.1461, Val Acc: 0.9634
Epoch 180, Train Loss: 0.0946, Train Acc: 0.9860, Val Loss: 0.1433, Val Acc: 0.9634
Epoch 190, Train Loss: 0.0901, Train Acc: 0.9879, Val Loss: 0.1416, Val Acc: 0.9634
NN Seed 4 - Best Epoch: 198, Test Loss: 0.1915, Test Acc: 0.9457

===== 5-Seed Summary =====
Softmax Test Accs : [0.9402173913043478, 0.9347826086956522, 0.9375, 0.9402173913043478, 0.9375]
Softmax Test Loss : [0.27763736766427943, 0.27739991716206813, 0.27747732173033995, 0.2767632400547555, 0.2772144535246]
NN Test Accs      : [0.9375, 0.9429347826086957, 0.9402173913043478, 0.9347826086956522, 0.9456521739130435]
NN Test Loss      : [0.20045753734045077, 0.1956306714463716, 0.21298630170219995, 0.20370525201216957, 0.1914544143126665]

Softmax Accuracy
Mean: 0.9380, 95% CI: [0.9352, 0.9409], Std: 0.0023
Softmax Cross-Entropy
Mean: 0.2773, 95% CI: [0.2769, 0.2777], Std: 0.0003

NN Accuracy
Mean: 0.9402, 95% CI: [0.9349, 0.9456], Std: 0.0043
NN Cross-Entropy
Mean: 0.2008, 95% CI: [0.1906, 0.2111], Std: 0.0082

Finished successfully.
Saved log to: C:\Users\User\OneDrive\Documents\GitHub\Math4AI_Final_Project\starter_pack\scripts\results\logs\run_digits_5seeds_20260331_215250.log
