Log file: C:\Users\User\OneDrive\Documents\GitHub\Math4AI_Final_Project\starter_pack\scripts\results\logs\run_core_experiments_20260331_215233.log

===== Linear Gaussian: Softmax =====
Epoch 0, Train Loss: 0.5600, Train Acc: 0.9167, Val Loss: 0.5496, Val Acc: 0.9250
Epoch 10, Train Loss: 0.2847, Train Acc: 0.9125, Val Loss: 0.2660, Val Acc: 0.9250
Epoch 20, Train Loss: 0.2450, Train Acc: 0.9125, Val Loss: 0.2284, Val Acc: 0.9250
Epoch 30, Train Loss: 0.2302, Train Acc: 0.9125, Val Loss: 0.2148, Val Acc: 0.9250
Epoch 40, Train Loss: 0.2227, Train Acc: 0.9125, Val Loss: 0.2085, Val Acc: 0.9250
Epoch 50, Train Loss: 0.2185, Train Acc: 0.9125, Val Loss: 0.2051, Val Acc: 0.9250
Epoch 60, Train Loss: 0.2158, Train Acc: 0.9125, Val Loss: 0.2030, Val Acc: 0.9250
Epoch 70, Train Loss: 0.2141, Train Acc: 0.9125, Val Loss: 0.2017, Val Acc: 0.9250
Epoch 80, Train Loss: 0.2129, Train Acc: 0.9125, Val Loss: 0.2010, Val Acc: 0.9250
Epoch 90, Train Loss: 0.2120, Train Acc: 0.9125, Val Loss: 0.2006, Val Acc: 0.9250
Softmax Train  - Loss: 0.2114, Acc: 0.9125
Softmax Val    - Loss: 0.2005, Acc: 0.9250
Softmax Test   - Loss: 0.1555, Acc: 0.9500

===== Linear Gaussian: Neural Net =====
Epoch 0, Train Loss: 0.6918, Train Acc: 0.8708, Val Loss: 0.6917, Val Acc: 0.8500
Epoch 10, Train Loss: 0.6248, Train Acc: 0.9167, Val Loss: 0.6194, Val Acc: 0.9250
Epoch 20, Train Loss: 0.3353, Train Acc: 0.9125, Val Loss: 0.3162, Val Acc: 0.9250
Epoch 30, Train Loss: 0.2408, Train Acc: 0.9125, Val Loss: 0.2222, Val Acc: 0.9250
Epoch 40, Train Loss: 0.2207, Train Acc: 0.9125, Val Loss: 0.2031, Val Acc: 0.9250
Epoch 50, Train Loss: 0.2148, Train Acc: 0.9125, Val Loss: 0.1981, Val Acc: 0.9250
Epoch 60, Train Loss: 0.2128, Train Acc: 0.9125, Val Loss: 0.1962, Val Acc: 0.9250
Epoch 70, Train Loss: 0.2120, Train Acc: 0.9125, Val Loss: 0.1958, Val Acc: 0.9250
Epoch 80, Train Loss: 0.2116, Train Acc: 0.9125, Val Loss: 0.1959, Val Acc: 0.9250
Epoch 90, Train Loss: 0.2114, Train Acc: 0.9125, Val Loss: 0.1963, Val Acc: 0.9250
NN Train       - Loss: 0.2114, Acc: 0.9125
NN Val         - Loss: 0.1968, Acc: 0.9250
NN Test        - Loss: 0.1540, Acc: 0.9500

===== Moons: Softmax =====
Epoch 0, Train Loss: 0.6567, Train Acc: 0.7833, Val Loss: 0.6517, Val Acc: 0.8125
Epoch 10, Train Loss: 0.4816, Train Acc: 0.8167, Val Loss: 0.4469, Val Acc: 0.8500
Epoch 20, Train Loss: 0.4193, Train Acc: 0.8208, Val Loss: 0.3701, Val Acc: 0.8625
Epoch 30, Train Loss: 0.3875, Train Acc: 0.8375, Val Loss: 0.3299, Val Acc: 0.8625
Epoch 40, Train Loss: 0.3682, Train Acc: 0.8375, Val Loss: 0.3053, Val Acc: 0.8625
Epoch 50, Train Loss: 0.3550, Train Acc: 0.8375, Val Loss: 0.2886, Val Acc: 0.8625
Epoch 60, Train Loss: 0.3453, Train Acc: 0.8417, Val Loss: 0.2764, Val Acc: 0.8625
Epoch 70, Train Loss: 0.3377, Train Acc: 0.8417, Val Loss: 0.2670, Val Acc: 0.8750
Epoch 80, Train Loss: 0.3317, Train Acc: 0.8458, Val Loss: 0.2597, Val Acc: 0.8750
Epoch 90, Train Loss: 0.3268, Train Acc: 0.8500, Val Loss: 0.2538, Val Acc: 0.8750
Softmax Train  - Loss: 0.3230, Acc: 0.8542
Softmax Val    - Loss: 0.2493, Acc: 0.8750
Softmax Test   - Loss: 0.3112, Acc: 0.8375

===== Moons: Neural Net =====
Epoch 0, Train Loss: 0.6930, Train Acc: 0.6917, Val Loss: 0.6930, Val Acc: 0.6625
Epoch 10, Train Loss: 0.6894, Train Acc: 0.7667, Val Loss: 0.6889, Val Acc: 0.7750
Epoch 20, Train Loss: 0.6729, Train Acc: 0.7792, Val Loss: 0.6702, Val Acc: 0.8250
Epoch 30, Train Loss: 0.6070, Train Acc: 0.8000, Val Loss: 0.5948, Val Acc: 0.8250
Epoch 40, Train Loss: 0.4870, Train Acc: 0.8167, Val Loss: 0.4540, Val Acc: 0.8375
Epoch 50, Train Loss: 0.4041, Train Acc: 0.8125, Val Loss: 0.3508, Val Acc: 0.8625
Epoch 60, Train Loss: 0.3632, Train Acc: 0.8292, Val Loss: 0.2977, Val Acc: 0.8625
Epoch 70, Train Loss: 0.3398, Train Acc: 0.8375, Val Loss: 0.2685, Val Acc: 0.8625
Epoch 80, Train Loss: 0.3247, Train Acc: 0.8500, Val Loss: 0.2505, Val Acc: 0.8750
Epoch 90, Train Loss: 0.3145, Train Acc: 0.8583, Val Loss: 0.2390, Val Acc: 0.8875
NN Train       - Loss: 0.3081, Acc: 0.8708
NN Val         - Loss: 0.2318, Acc: 0.8750
NN Test        - Loss: 0.2938, Acc: 0.8500

===== Digits: Softmax =====
Epoch 0, Train Loss: 2.1455, Train Acc: 0.7821, Val Loss: 2.1435, Val Acc: 0.7634
Epoch 10, Train Loss: 1.1661, Train Acc: 0.9106, Val Loss: 1.1546, Val Acc: 0.8930
Epoch 20, Train Loss: 0.7907, Train Acc: 0.9292, Val Loss: 0.7774, Val Acc: 0.9127
Epoch 30, Train Loss: 0.6135, Train Acc: 0.9348, Val Loss: 0.6013, Val Acc: 0.9155
Epoch 40, Train Loss: 0.5121, Train Acc: 0.9358, Val Loss: 0.5017, Val Acc: 0.9211
Epoch 50, Train Loss: 0.4465, Train Acc: 0.9404, Val Loss: 0.4377, Val Acc: 0.9239
Epoch 60, Train Loss: 0.4002, Train Acc: 0.9413, Val Loss: 0.3930, Val Acc: 0.9296
Epoch 70, Train Loss: 0.3656, Train Acc: 0.9432, Val Loss: 0.3602, Val Acc: 0.9352
Epoch 80, Train Loss: 0.3387, Train Acc: 0.9460, Val Loss: 0.3348, Val Acc: 0.9352
Epoch 90, Train Loss: 0.3171, Train Acc: 0.9497, Val Loss: 0.3146, Val Acc: 0.9352
Epoch 100, Train Loss: 0.2992, Train Acc: 0.9525, Val Loss: 0.2979, Val Acc: 0.9437
Epoch 110, Train Loss: 0.2842, Train Acc: 0.9544, Val Loss: 0.2841, Val Acc: 0.9493
Epoch 120, Train Loss: 0.2714, Train Acc: 0.9581, Val Loss: 0.2725, Val Acc: 0.9465
Epoch 130, Train Loss: 0.2602, Train Acc: 0.9590, Val Loss: 0.2625, Val Acc: 0.9465
Epoch 140, Train Loss: 0.2505, Train Acc: 0.9600, Val Loss: 0.2537, Val Acc: 0.9493
Epoch 150, Train Loss: 0.2419, Train Acc: 0.9600, Val Loss: 0.2461, Val Acc: 0.9493
Epoch 160, Train Loss: 0.2342, Train Acc: 0.9618, Val Loss: 0.2394, Val Acc: 0.9493
Epoch 170, Train Loss: 0.2273, Train Acc: 0.9628, Val Loss: 0.2333, Val Acc: 0.9493
Epoch 180, Train Loss: 0.2210, Train Acc: 0.9646, Val Loss: 0.2280, Val Acc: 0.9521
Epoch 190, Train Loss: 0.2153, Train Acc: 0.9646, Val Loss: 0.2231, Val Acc: 0.9493
Softmax Train  - Loss: 0.2106, Acc: 0.9646
Softmax Val    - Loss: 0.2191, Acc: 0.9493
Softmax Test   - Loss: 0.2776, Acc: 0.9402

===== Digits: Neural Net =====
Epoch 0, Train Loss: 2.3012, Train Acc: 0.2002, Val Loss: 2.3012, Val Acc: 0.2085
Epoch 10, Train Loss: 2.2352, Train Acc: 0.6434, Val Loss: 2.2353, Val Acc: 0.6451
Epoch 20, Train Loss: 1.5455, Train Acc: 0.6359, Val Loss: 1.5498, Val Acc: 0.6282
Epoch 30, Train Loss: 0.9060, Train Acc: 0.8128, Val Loss: 0.9182, Val Acc: 0.7831
Epoch 40, Train Loss: 0.5842, Train Acc: 0.8976, Val Loss: 0.6048, Val Acc: 0.8732
Epoch 50, Train Loss: 0.4142, Train Acc: 0.9255, Val Loss: 0.4397, Val Acc: 0.9099
Epoch 60, Train Loss: 0.3174, Train Acc: 0.9423, Val Loss: 0.3437, Val Acc: 0.9239
Epoch 70, Train Loss: 0.2573, Train Acc: 0.9469, Val Loss: 0.2844, Val Acc: 0.9324
Epoch 80, Train Loss: 0.2176, Train Acc: 0.9590, Val Loss: 0.2452, Val Acc: 0.9465
Epoch 90, Train Loss: 0.1897, Train Acc: 0.9665, Val Loss: 0.2182, Val Acc: 0.9549
Epoch 100, Train Loss: 0.1688, Train Acc: 0.9711, Val Loss: 0.1988, Val Acc: 0.9549
Epoch 110, Train Loss: 0.1528, Train Acc: 0.9777, Val Loss: 0.1851, Val Acc: 0.9634
Epoch 120, Train Loss: 0.1398, Train Acc: 0.9804, Val Loss: 0.1736, Val Acc: 0.9634
Epoch 130, Train Loss: 0.1292, Train Acc: 0.9804, Val Loss: 0.1652, Val Acc: 0.9606
Epoch 140, Train Loss: 0.1204, Train Acc: 0.9823, Val Loss: 0.1586, Val Acc: 0.9606
Epoch 150, Train Loss: 0.1128, Train Acc: 0.9851, Val Loss: 0.1528, Val Acc: 0.9634
Epoch 160, Train Loss: 0.1064, Train Acc: 0.9860, Val Loss: 0.1485, Val Acc: 0.9606
Epoch 170, Train Loss: 0.1007, Train Acc: 0.9870, Val Loss: 0.1448, Val Acc: 0.9606
Epoch 180, Train Loss: 0.0955, Train Acc: 0.9870, Val Loss: 0.1420, Val Acc: 0.9606
Epoch 190, Train Loss: 0.0910, Train Acc: 0.9870, Val Loss: 0.1398, Val Acc: 0.9606
NN Train       - Loss: 0.0874, Acc: 0.9888
NN Val         - Loss: 0.1381, Acc: 0.9606
NN Test        - Loss: 0.2005, Acc: 0.9375

Finished successfully.
Saved log to: C:\Users\User\OneDrive\Documents\GitHub\Math4AI_Final_Project\starter_pack\scripts\results\logs\run_core_experiments_20260331_215233.log
